#
# There is insufficient memory for the Java Runtime Environment to continue.
# Native memory allocation (mmap) failed to map 65536 bytes for Failed to commit metaspace.
# Possible reasons:
#   The system is out of physical RAM or swap space
#   The process is running with CompressedOops enabled, and the Java Heap may be blocking the growth of the native heap
# Possible solutions:
#   Reduce memory load on the system
#   Increase physical memory or swap space
#   Check if swap backing store is full
#   Decrease Java heap size (-Xmx/-Xms)
#   Decrease number of Java threads
#   Decrease Java thread stack sizes (-Xss)
#   Set larger code cache with -XX:ReservedCodeCacheSize=
#   JVM is running with Unscaled Compressed Oops mode in which the Java heap is
#     placed in the first 4GB address space. The Java Heap base address is the
#     maximum limit for the native heap growth. Please use -XX:HeapBaseMinAddress
#     to set the Java Heap base and to place the Java Heap above 4GB virtual address.
# This output file may be truncated or incomplete.
#
#  Out of Memory Error (virtualSpaceNode.cpp:110), pid=17120, tid=6692
#
# JRE version: Java(TM) SE Runtime Environment (18.0.2.1+1) (build 18.0.2.1+1-1)
# Java VM: Java HotSpot(TM) 64-Bit Server VM (18.0.2.1+1-1, mixed mode, emulated-client, sharing, tiered, compressed oops, compressed class ptrs, g1 gc, windows-amd64)
# No core dump will be written. Minidumps are not enabled by default on client versions of Windows
#

---------------  S U M M A R Y ------------

Command Line: -XX:TieredStopAtLevel=1 -Dspring.output.ansi.enabled=always -Dcom.sun.management.jmxremote -Dspring.jmx.enabled=true -Dspring.liveBeansView.mbeanDomain -Dspring.application.admin.enabled=true -Dmanagement.endpoints.jmx.exposure.include=* -javaagent:C:\Program Files\JetBrains\IntelliJ IDEA 2022.3\lib\idea_rt.jar=58270:C:\Program Files\JetBrains\IntelliJ IDEA 2022.3\bin -Dfile.encoding=UTF-8 -Dsun.stdout.encoding=UTF-8 -Dsun.stderr.encoding=UTF-8 com.test_task.table.TableApplication

Host: AMD Ryzen 7 5700U with Radeon Graphics         , 16 cores, 7G,  Windows 11 , 64 bit Build 22000 (10.0.22000.1516)
Time: Wed Dec 18 11:22:45 2024  Windows 11 , 64 bit Build 22000 (10.0.22000.1516) elapsed time: 3.353608 seconds (0d 0h 0m 3s)

---------------  T H R E A D  ---------------

Current thread (0x000002a77effad90):  JavaThread "background-preinit" [_thread_in_vm, id=6692, stack(0x000000fb6b600000,0x000000fb6b700000)]

Stack: [0x000000fb6b600000,0x000000fb6b700000]
Native frames: (J=compiled Java code, j=interpreted, Vv=VM code, C=native code)
V  [jvm.dll+0x6993aa]
V  [jvm.dll+0x7f46dd]
V  [jvm.dll+0x7f5fee]
V  [jvm.dll+0x7f66a3]
V  [jvm.dll+0x25cf1f]
V  [jvm.dll+0x7f03eb]
V  [jvm.dll+0x63f526]
V  [jvm.dll+0x1d75ce]
V  [jvm.dll+0x641ecb]
V  [jvm.dll+0x641cce]
V  [jvm.dll+0x63feee]
V  [jvm.dll+0x38e1f2]
V  [jvm.dll+0x1fa60b]
V  [jvm.dll+0x55dc2e]
V  [jvm.dll+0x76e943]
V  [jvm.dll+0x76ea24]
V  [jvm.dll+0x42d7b4]
V  [jvm.dll+0x4334bf]
C  [java.dll+0x17ec]

Java frames: (J=compiled Java code, j=interpreted, Vv=VM code)
J 1182  java.lang.ClassLoader.defineClass1(Ljava/lang/ClassLoader;Ljava/lang/String;[BIILjava/security/ProtectionDomain;Ljava/lang/String;)Ljava/lang/Class; java.base@18.0.2.1 (0 bytes) @ 0x000002a76f89ad63 [0x000002a76f89aca0+0x00000000000000c3]
J 1208 c1 java.lang.ClassLoader.defineClass(Ljava/lang/String;[BIILjava/security/ProtectionDomain;)Ljava/lang/Class; java.base@18.0.2.1 (43 bytes) @ 0x000002a76f8a925c [0x000002a76f8a9160+0x00000000000000fc]
J 1197 c1 jdk.internal.loader.BuiltinClassLoader.defineClass(Ljava/lang/String;Ljdk/internal/loader/Resource;)Ljava/lang/Class; java.base@18.0.2.1 (121 bytes) @ 0x000002a76f8a4064 [0x000002a76f8a3ba0+0x00000000000004c4]
J 1184 c1 jdk.internal.loader.BuiltinClassLoader.findClassOnClassPathOrNull(Ljava/lang/String;)Ljava/lang/Class; java.base@18.0.2.1 (64 bytes) @ 0x000002a76f89ead4 [0x000002a76f89e840+0x0000000000000294]
J 946 c1 jdk.internal.loader.BuiltinClassLoader.loadClassOrNull(Ljava/lang/String;Z)Ljava/lang/Class; java.base@18.0.2.1 (143 bytes) @ 0x000002a76f7aa30c [0x000002a76f7a9f60+0x00000000000003ac]
J 1104 c1 jdk.internal.loader.ClassLoaders$AppClassLoader.loadClass(Ljava/lang/String;Z)Ljava/lang/Class; java.base@18.0.2.1 (40 bytes) @ 0x000002a76f8802fc [0x000002a76f8802c0+0x000000000000003c]
J 1096 c1 java.lang.ClassLoader.loadClass(Ljava/lang/String;)Ljava/lang/Class; java.base@18.0.2.1 (7 bytes) @ 0x000002a76f87d064 [0x000002a76f87d020+0x0000000000000044]
v  ~StubRoutines::call_stub
j  org.hibernate.validator.internal.metadata.core.ConstraintHelper.<init>(Ljava/util/Set;)V+515
j  org.hibernate.validator.internal.metadata.core.ConstraintHelper.forAllBuiltinConstraints()Lorg/hibernate/validator/internal/metadata/core/ConstraintHelper;+17
j  org.hibernate.validator.internal.engine.ValidatorFactoryImpl.<init>(Ljakarta/validation/spi/ConfigurationState;)V+220
j  org.hibernate.validator.HibernateValidator.buildValidatorFactory(Ljakarta/validation/spi/ConfigurationState;)Ljakarta/validation/ValidatorFactory;+5
j  org.hibernate.validator.internal.engine.AbstractConfigurationImpl.buildValidatorFactory()Ljakarta/validation/ValidatorFactory;+211
j  org.springframework.boot.autoconfigure.BackgroundPreinitializer$ValidationInitializer.run()V+10
j  org.springframework.boot.autoconfigure.BackgroundPreinitializer$1.runSafely(Ljava/lang/Runnable;)Z+1
j  org.springframework.boot.autoconfigure.BackgroundPreinitializer$1.run()V+20
j  java.lang.Thread.run()V+11 java.base@18.0.2.1
v  ~StubRoutines::call_stub

---------------  P R O C E S S  ---------------

Threads class SMR info:
_java_thread_list=0x000002a70002ac80, length=17, elements={
0x000002a767b1aed0, 0x000002a77a053780, 0x000002a77a054120, 0x000002a77a071070,
0x000002a77a071a10, 0x000002a77a0723b0, 0x000002a77a074d60, 0x000002a77a075700,
0x000002a77a0815f0, 0x000002a77a03dd00, 0x000002a77a03e1c0, 0x000002a77e473030,
0x000002a77e7fea10, 0x000002a77e826630, 0x000002a77e9a3770, 0x000002a77eb30f70,
0x000002a77effad90
}

Java Threads: ( => current thread )
  0x000002a767b1aed0 JavaThread "main" [_thread_in_vm, id=18036, stack(0x000000fb69600000,0x000000fb69700000)]
  0x000002a77a053780 JavaThread "Reference Handler" daemon [_thread_blocked, id=5084, stack(0x000000fb69d00000,0x000000fb69e00000)]
  0x000002a77a054120 JavaThread "Finalizer" daemon [_thread_blocked, id=5008, stack(0x000000fb69e00000,0x000000fb69f00000)]
  0x000002a77a071070 JavaThread "Signal Dispatcher" daemon [_thread_blocked, id=15900, stack(0x000000fb69f00000,0x000000fb6a000000)]
  0x000002a77a071a10 JavaThread "Attach Listener" daemon [_thread_blocked, id=12348, stack(0x000000fb6a000000,0x000000fb6a100000)]
  0x000002a77a0723b0 JavaThread "Service Thread" daemon [_thread_blocked, id=1164, stack(0x000000fb6a100000,0x000000fb6a200000)]
  0x000002a77a074d60 JavaThread "Monitor Deflation Thread" daemon [_thread_blocked, id=10996, stack(0x000000fb6a200000,0x000000fb6a300000)]
  0x000002a77a075700 JavaThread "C1 CompilerThread0" daemon [_thread_blocked, id=20168, stack(0x000000fb6a300000,0x000000fb6a400000)]
  0x000002a77a0815f0 JavaThread "Sweeper thread" daemon [_thread_blocked, id=7416, stack(0x000000fb6a400000,0x000000fb6a500000)]
  0x000002a77a03dd00 JavaThread "Common-Cleaner" daemon [_thread_blocked, id=21324, stack(0x000000fb6a500000,0x000000fb6a600000)]
  0x000002a77a03e1c0 JavaThread "C1 CompilerThread1" daemon [_thread_blocked, id=16628, stack(0x000000fb6a600000,0x000000fb6a700000)]
  0x000002a77e473030 JavaThread "C1 CompilerThread2" daemon [_thread_blocked, id=17880, stack(0x000000fb6a700000,0x000000fb6a800000)]
  0x000002a77e7fea10 JavaThread "Monitor Ctrl-Break" daemon [_thread_in_native, id=1652, stack(0x000000fb6a800000,0x000000fb6a900000)]
  0x000002a77e826630 JavaThread "Notification Thread" daemon [_thread_blocked, id=18100, stack(0x000000fb6a900000,0x000000fb6aa00000)]
  0x000002a77e9a3770 JavaThread "RMI TCP Accept-0" daemon [_thread_in_native, id=10984, stack(0x000000fb6aa00000,0x000000fb6ab00000)]
  0x000002a77eb30f70 JavaThread "C1 CompilerThread3" daemon [_thread_blocked, id=16308, stack(0x000000fb6ac00000,0x000000fb6ad00000)]
=>0x000002a77effad90 JavaThread "background-preinit" [_thread_in_vm, id=6692, stack(0x000000fb6b600000,0x000000fb6b700000)]

Other Threads:
  0x000002a77a04fec0 VMThread "VM Thread" [stack: 0x000000fb69c00000,0x000000fb69d00000] [id=13068]
  0x000002a77eacd260 WatcherThread "VM Periodic Task Thread" [stack: 0x000000fb6ab00000,0x000000fb6ac00000] [id=17244]
  0x000002a767b72ac0 WorkerThread "GC Thread#0" [stack: 0x000000fb69700000,0x000000fb69800000] [id=17548]
  0x000002a77eee5580 WorkerThread "GC Thread#1" [stack: 0x000000fb6ad00000,0x000000fb6ae00000] [id=20764]
  0x000002a77ef31430 WorkerThread "GC Thread#2" [stack: 0x000000fb6ae00000,0x000000fb6af00000] [id=17236]
  0x000002a77ef316d0 WorkerThread "GC Thread#3" [stack: 0x000000fb6af00000,0x000000fb6b000000] [id=20164]
  0x000002a77ef32390 WorkerThread "GC Thread#4" [stack: 0x000000fb6b000000,0x000000fb6b100000] [id=11004]
  0x000002a77ef32b30 WorkerThread "GC Thread#5" [stack: 0x000000fb6b100000,0x000000fb6b200000] [id=10220]
  0x000002a77ef33af0 WorkerThread "GC Thread#6" [stack: 0x000000fb6b200000,0x000000fb6b300000] [id=16528]
  0x000002a77ef33310 WorkerThread "GC Thread#7" [stack: 0x000000fb6b300000,0x000000fb6b400000] [id=19792]
  0x000002a77ef342d0 WorkerThread "GC Thread#8" [stack: 0x000000fb6b400000,0x000000fb6b500000] [id=8436]
  0x000002a77ef33d90 WorkerThread "GC Thread#9" [stack: 0x000000fb6b500000,0x000000fb6b600000] [id=6024]
  0x000002a77ef34030 WorkerThread "GC Thread#10" [stack: 0x000000fb6b700000,0x000000fb6b800000] [id=17124]
  0x000002a77ef34570 WorkerThread "GC Thread#11" [stack: 0x000000fb6b800000,0x000000fb6b900000] [id=10840]
  0x000002a77ef33070 WorkerThread "GC Thread#12" [stack: 0x000000fb6b900000,0x000000fb6ba00000] [id=17176]
  0x000002a7659eec50 ConcurrentGCThread "G1 Main Marker" [stack: 0x000000fb69800000,0x000000fb69900000] [id=20748]
  0x000002a767b85180 WorkerThread "G1 Conc#0" [stack: 0x000000fb69900000,0x000000fb69a00000] [id=10140]
  0x000002a767bce900 ConcurrentGCThread "G1 Refine#0" [stack: 0x000000fb69a00000,0x000000fb69b00000] [id=16100]
  0x000002a779f0e250 ConcurrentGCThread "G1 Service" [stack: 0x000000fb69b00000,0x000000fb69c00000] [id=5684]

Threads with active compile tasks:

VM state: not at safepoint (normal execution)

VM Mutex/Monitor currently owned by a thread:  ([mutex/lock_event])
[0x000002a767b080b0] Metaspace_lock - owner thread: 0x000002a77effad90

Heap address: 0x000000008ae00000, size: 1874 MB, Compressed Oops mode: 32-bit

CDS archive(s) mapped at: [0x0000000800000000-0x0000000800ba0000-0x0000000800ba0000), size 12189696, SharedBaseAddress: 0x0000000800000000, ArchiveRelocationMode: 0.
Compressed class space mapped at: 0x0000000800c00000-0x0000000840c00000, reserved size: 1073741824
Narrow klass base: 0x0000000800000000, Narrow klass shift: 0, Narrow klass range: 0x100000000

GC Precious Log:
 CardTable entry size: 512
 Card Set container configuration: InlinePtr #cards 5 size 8 Array Of Cards #cards 12 size 40 Howl #buckets 4 coarsen threshold 1843 Howl Bitmap #cards 512 size 80 coarsen threshold 460 Card regions per heap region 1 cards per card region 2048
 CPUs: 16 total, 16 available
 Memory: 7488M
 Large Page Support: Disabled
 NUMA Support: Disabled
 Compressed Oops: Enabled (32-bit)
 Heap Region Size: 1M
 Heap Min Capacity: 8M
 Heap Initial Capacity: 118M
 Heap Max Capacity: 1874M
 Pre-touch: Disabled
 Parallel Workers: 13
 Concurrent Workers: 3
 Concurrent Refinement Workers: 13
 Periodic GC: Disabled

Heap:
 garbage-first heap   total 120832K, used 11564K [0x000000008ae00000, 0x0000000100000000)
  region size 1024K, 3 young (3072K), 2 survivors (2048K)
 Metaspace       used 13017K, committed 13312K, reserved 1114112K
  class space    used 1738K, committed 1856K, reserved 1048576K

Heap Regions: E=young(eden), S=young(survivor), O=old, HS=humongous(starts), HC=humongous(continues), CS=collection set, F=free, OA=open archive, CA=closed archive, TAMS=top-at-mark-start (previous, next)
|   0|0x000000008ae00000, 0x000000008af00000, 0x000000008af00000|100%|HS|  |TAMS 0x000000008ae00000, 0x000000008ae00000| Complete 
|   1|0x000000008af00000, 0x000000008b000000, 0x000000008b000000|100%|HS|  |TAMS 0x000000008af00000, 0x000000008af00000| Complete 
|   2|0x000000008b000000, 0x000000008b100000, 0x000000008b100000|100%| O|  |TAMS 0x000000008b000000, 0x000000008b000000| Untracked 
|   3|0x000000008b100000, 0x000000008b200000, 0x000000008b200000|100%| O|  |TAMS 0x000000008b100000, 0x000000008b100000| Untracked 
|   4|0x000000008b200000, 0x000000008b300000, 0x000000008b300000|100%| O|  |TAMS 0x000000008b200000, 0x000000008b200000| Untracked 
|   5|0x000000008b300000, 0x000000008b400000, 0x000000008b400000|100%| O|  |TAMS 0x000000008b300000, 0x000000008b300000| Untracked 
|   6|0x000000008b400000, 0x000000008b500000, 0x000000008b500000|100%| O|  |TAMS 0x000000008b400000, 0x000000008b400000| Untracked 
|   7|0x000000008b500000, 0x000000008b600000, 0x000000008b600000|100%| O|  |TAMS 0x000000008b500000, 0x000000008b500000| Untracked 
|   8|0x000000008b600000, 0x000000008b700000, 0x000000008b700000|100%| O|  |TAMS 0x000000008b600000, 0x000000008b600000| Untracked 
|   9|0x000000008b700000, 0x000000008b767a00, 0x000000008b800000| 40%| O|  |TAMS 0x000000008b700000, 0x000000008b700000| Untracked 
|  10|0x000000008b800000, 0x000000008b800000, 0x000000008b900000|  0%| F|  |TAMS 0x000000008b800000, 0x000000008b800000| Untracked 
|  11|0x000000008b900000, 0x000000008b900000, 0x000000008ba00000|  0%| F|  |TAMS 0x000000008b900000, 0x000000008b900000| Untracked 
|  12|0x000000008ba00000, 0x000000008ba00000, 0x000000008bb00000|  0%| F|  |TAMS 0x000000008ba00000, 0x000000008ba00000| Untracked 
|  13|0x000000008bb00000, 0x000000008bb00000, 0x000000008bc00000|  0%| F|  |TAMS 0x000000008bb00000, 0x000000008bb00000| Untracked 
|  14|0x000000008bc00000, 0x000000008bc00000, 0x000000008bd00000|  0%| F|  |TAMS 0x000000008bc00000, 0x000000008bc00000| Untracked 
|  15|0x000000008bd00000, 0x000000008bd00000, 0x000000008be00000|  0%| F|  |TAMS 0x000000008bd00000, 0x000000008bd00000| Untracked 
|  16|0x000000008be00000, 0x000000008be00000, 0x000000008bf00000|  0%| F|  |TAMS 0x000000008be00000, 0x000000008be00000| Untracked 
|  17|0x000000008bf00000, 0x000000008bf00000, 0x000000008c000000|  0%| F|  |TAMS 0x000000008bf00000, 0x000000008bf00000| Untracked 
|  18|0x000000008c000000, 0x000000008c000000, 0x000000008c100000|  0%| F|  |TAMS 0x000000008c000000, 0x000000008c000000| Untracked 
|  19|0x000000008c100000, 0x000000008c100000, 0x000000008c200000|  0%| F|  |TAMS 0x000000008c100000, 0x000000008c100000| Untracked 
|  20|0x000000008c200000, 0x000000008c200000, 0x000000008c300000|  0%| F|  |TAMS 0x000000008c200000, 0x000000008c200000| Untracked 
|  21|0x000000008c300000, 0x000000008c300000, 0x000000008c400000|  0%| F|  |TAMS 0x000000008c300000, 0x000000008c300000| Untracked 
|  22|0x000000008c400000, 0x000000008c400000, 0x000000008c500000|  0%| F|  |TAMS 0x000000008c400000, 0x000000008c400000| Untracked 
|  23|0x000000008c500000, 0x000000008c500000, 0x000000008c600000|  0%| F|  |TAMS 0x000000008c500000, 0x000000008c500000| Untracked 
|  24|0x000000008c600000, 0x000000008c600000, 0x000000008c700000|  0%| F|  |TAMS 0x000000008c600000, 0x000000008c600000| Untracked 
|  25|0x000000008c700000, 0x000000008c700000, 0x000000008c800000|  0%| F|  |TAMS 0x000000008c700000, 0x000000008c700000| Untracked 
|  26|0x000000008c800000, 0x000000008c800000, 0x000000008c900000|  0%| F|  |TAMS 0x000000008c800000, 0x000000008c800000| Untracked 
|  27|0x000000008c900000, 0x000000008c900000, 0x000000008ca00000|  0%| F|  |TAMS 0x000000008c900000, 0x000000008c900000| Untracked 
|  28|0x000000008ca00000, 0x000000008ca00000, 0x000000008cb00000|  0%| F|  |TAMS 0x000000008ca00000, 0x000000008ca00000| Untracked 
|  29|0x000000008cb00000, 0x000000008cb00000, 0x000000008cc00000|  0%| F|  |TAMS 0x000000008cb00000, 0x000000008cb00000| Untracked 
|  30|0x000000008cc00000, 0x000000008cc00000, 0x000000008cd00000|  0%| F|  |TAMS 0x000000008cc00000, 0x000000008cc00000| Untracked 
|  31|0x000000008cd00000, 0x000000008cd00000, 0x000000008ce00000|  0%| F|  |TAMS 0x000000008cd00000, 0x000000008cd00000| Untracked 
|  32|0x000000008ce00000, 0x000000008ce00000, 0x000000008cf00000|  0%| F|  |TAMS 0x000000008ce00000, 0x000000008ce00000| Untracked 
|  33|0x000000008cf00000, 0x000000008cf00000, 0x000000008d000000|  0%| F|  |TAMS 0x000000008cf00000, 0x000000008cf00000| Untracked 
|  34|0x000000008d000000, 0x000000008d000000, 0x000000008d100000|  0%| F|  |TAMS 0x000000008d000000, 0x000000008d000000| Untracked 
|  35|0x000000008d100000, 0x000000008d100000, 0x000000008d200000|  0%| F|  |TAMS 0x000000008d100000, 0x000000008d100000| Untracked 
|  36|0x000000008d200000, 0x000000008d200000, 0x000000008d300000|  0%| F|  |TAMS 0x000000008d200000, 0x000000008d200000| Untracked 
|  37|0x000000008d300000, 0x000000008d300000, 0x000000008d400000|  0%| F|  |TAMS 0x000000008d300000, 0x000000008d300000| Untracked 
|  38|0x000000008d400000, 0x000000008d400000, 0x000000008d500000|  0%| F|  |TAMS 0x000000008d400000, 0x000000008d400000| Untracked 
|  39|0x000000008d500000, 0x000000008d500000, 0x000000008d600000|  0%| F|  |TAMS 0x000000008d500000, 0x000000008d500000| Untracked 
|  40|0x000000008d600000, 0x000000008d600000, 0x000000008d700000|  0%| F|  |TAMS 0x000000008d600000, 0x000000008d600000| Untracked 
|  41|0x000000008d700000, 0x000000008d700000, 0x000000008d800000|  0%| F|  |TAMS 0x000000008d700000, 0x000000008d700000| Untracked 
|  42|0x000000008d800000, 0x000000008d800000, 0x000000008d900000|  0%| F|  |TAMS 0x000000008d800000, 0x000000008d800000| Untracked 
|  43|0x000000008d900000, 0x000000008d900000, 0x000000008da00000|  0%| F|  |TAMS 0x000000008d900000, 0x000000008d900000| Untracked 
|  44|0x000000008da00000, 0x000000008da00000, 0x000000008db00000|  0%| F|  |TAMS 0x000000008da00000, 0x000000008da00000| Untracked 
|  45|0x000000008db00000, 0x000000008db00000, 0x000000008dc00000|  0%| F|  |TAMS 0x000000008db00000, 0x000000008db00000| Untracked 
|  46|0x000000008dc00000, 0x000000008dc00000, 0x000000008dd00000|  0%| F|  |TAMS 0x000000008dc00000, 0x000000008dc00000| Untracked 
|  47|0x000000008dd00000, 0x000000008dd00000, 0x000000008de00000|  0%| F|  |TAMS 0x000000008dd00000, 0x000000008dd00000| Untracked 
|  48|0x000000008de00000, 0x000000008de00000, 0x000000008df00000|  0%| F|  |TAMS 0x000000008de00000, 0x000000008de00000| Untracked 
|  49|0x000000008df00000, 0x000000008df00000, 0x000000008e000000|  0%| F|  |TAMS 0x000000008df00000, 0x000000008df00000| Untracked 
|  50|0x000000008e000000, 0x000000008e000000, 0x000000008e100000|  0%| F|  |TAMS 0x000000008e000000, 0x000000008e000000| Untracked 
|  51|0x000000008e100000, 0x000000008e100000, 0x000000008e200000|  0%| F|  |TAMS 0x000000008e100000, 0x000000008e100000| Untracked 
|  52|0x000000008e200000, 0x000000008e200000, 0x000000008e300000|  0%| F|  |TAMS 0x000000008e200000, 0x000000008e200000| Untracked 
|  53|0x000000008e300000, 0x000000008e300000, 0x000000008e400000|  0%| F|  |TAMS 0x000000008e300000, 0x000000008e300000| Untracked 
|  54|0x000000008e400000, 0x000000008e400000, 0x000000008e500000|  0%| F|  |TAMS 0x000000008e400000, 0x000000008e400000| Untracked 
|  55|0x000000008e500000, 0x000000008e500000, 0x000000008e600000|  0%| F|  |TAMS 0x000000008e500000, 0x000000008e500000| Untracked 
|  56|0x000000008e600000, 0x000000008e600000, 0x000000008e700000|  0%| F|  |TAMS 0x000000008e600000, 0x000000008e600000| Untracked 
|  57|0x000000008e700000, 0x000000008e700000, 0x000000008e800000|  0%| F|  |TAMS 0x000000008e700000, 0x000000008e700000| Untracked 
|  58|0x000000008e800000, 0x000000008e800000, 0x000000008e900000|  0%| F|  |TAMS 0x000000008e800000, 0x000000008e800000| Untracked 
|  59|0x000000008e900000, 0x000000008e900000, 0x000000008ea00000|  0%| F|  |TAMS 0x000000008e900000, 0x000000008e900000| Untracked 
|  60|0x000000008ea00000, 0x000000008ea00000, 0x000000008eb00000|  0%| F|  |TAMS 0x000000008ea00000, 0x000000008ea00000| Untracked 
|  61|0x000000008eb00000, 0x000000008eb00000, 0x000000008ec00000|  0%| F|  |TAMS 0x000000008eb00000, 0x000000008eb00000| Untracked 
|  62|0x000000008ec00000, 0x000000008ec00000, 0x000000008ed00000|  0%| F|  |TAMS 0x000000008ec00000, 0x000000008ec00000| Untracked 
|  63|0x000000008ed00000, 0x000000008ed00000, 0x000000008ee00000|  0%| F|  |TAMS 0x000000008ed00000, 0x000000008ed00000| Untracked 
|  64|0x000000008ee00000, 0x000000008ee00000, 0x000000008ef00000|  0%| F|  |TAMS 0x000000008ee00000, 0x000000008ee00000| Untracked 
|  65|0x000000008ef00000, 0x000000008ef00000, 0x000000008f000000|  0%| F|  |TAMS 0x000000008ef00000, 0x000000008ef00000| Untracked 
|  66|0x000000008f000000, 0x000000008f000000, 0x000000008f100000|  0%| F|  |TAMS 0x000000008f000000, 0x000000008f000000| Untracked 
|  67|0x000000008f100000, 0x000000008f100000, 0x000000008f200000|  0%| F|  |TAMS 0x000000008f100000, 0x000000008f100000| Untracked 
|  68|0x000000008f200000, 0x000000008f200000, 0x000000008f300000|  0%| F|  |TAMS 0x000000008f200000, 0x000000008f200000| Untracked 
|  69|0x000000008f300000, 0x000000008f300000, 0x000000008f400000|  0%| F|  |TAMS 0x000000008f300000, 0x000000008f300000| Untracked 
|  70|0x000000008f400000, 0x000000008f400000, 0x000000008f500000|  0%| F|  |TAMS 0x000000008f400000, 0x000000008f400000| Untracked 
|  71|0x000000008f500000, 0x000000008f500000, 0x000000008f600000|  0%| F|  |TAMS 0x000000008f500000, 0x000000008f500000| Untracked 
|  72|0x000000008f600000, 0x000000008f600000, 0x000000008f700000|  0%| F|  |TAMS 0x000000008f600000, 0x000000008f600000| Untracked 
|  73|0x000000008f700000, 0x000000008f700000, 0x000000008f800000|  0%| F|  |TAMS 0x000000008f700000, 0x000000008f700000| Untracked 
|  74|0x000000008f800000, 0x000000008f800000, 0x000000008f900000|  0%| F|  |TAMS 0x000000008f800000, 0x000000008f800000| Untracked 
|  75|0x000000008f900000, 0x000000008f900000, 0x000000008fa00000|  0%| F|  |TAMS 0x000000008f900000, 0x000000008f900000| Untracked 
|  76|0x000000008fa00000, 0x000000008fa00000, 0x000000008fb00000|  0%| F|  |TAMS 0x000000008fa00000, 0x000000008fa00000| Untracked 
|  77|0x000000008fb00000, 0x000000008fb00000, 0x000000008fc00000|  0%| F|  |TAMS 0x000000008fb00000, 0x000000008fb00000| Untracked 
|  78|0x000000008fc00000, 0x000000008fc00000, 0x000000008fd00000|  0%| F|  |TAMS 0x000000008fc00000, 0x000000008fc00000| Untracked 
|  79|0x000000008fd00000, 0x000000008fd00000, 0x000000008fe00000|  0%| F|  |TAMS 0x000000008fd00000, 0x000000008fd00000| Untracked 
|  80|0x000000008fe00000, 0x000000008fe00000, 0x000000008ff00000|  0%| F|  |TAMS 0x000000008fe00000, 0x000000008fe00000| Untracked 
|  81|0x000000008ff00000, 0x000000008ff00000, 0x0000000090000000|  0%| F|  |TAMS 0x000000008ff00000, 0x000000008ff00000| Untracked 
|  82|0x0000000090000000, 0x0000000090000000, 0x0000000090100000|  0%| F|  |TAMS 0x0000000090000000, 0x0000000090000000| Untracked 
|  83|0x0000000090100000, 0x0000000090100000, 0x0000000090200000|  0%| F|  |TAMS 0x0000000090100000, 0x0000000090100000| Untracked 
|  84|0x0000000090200000, 0x0000000090200000, 0x0000000090300000|  0%| F|  |TAMS 0x0000000090200000, 0x0000000090200000| Untracked 
|  85|0x0000000090300000, 0x0000000090300000, 0x0000000090400000|  0%| F|  |TAMS 0x0000000090300000, 0x0000000090300000| Untracked 
|  86|0x0000000090400000, 0x0000000090400000, 0x0000000090500000|  0%| F|  |TAMS 0x0000000090400000, 0x0000000090400000| Untracked 
|  87|0x0000000090500000, 0x0000000090500000, 0x0000000090600000|  0%| F|  |TAMS 0x0000000090500000, 0x0000000090500000| Untracked 
|  88|0x0000000090600000, 0x00000000906e36f0, 0x0000000090700000| 88%| S|CS|TAMS 0x0000000090600000, 0x0000000090600000| Complete 
|  89|0x0000000090700000, 0x0000000090800000, 0x0000000090800000|100%| S|CS|TAMS 0x0000000090700000, 0x0000000090700000| Complete 
|  90|0x0000000090800000, 0x0000000090800000, 0x0000000090900000|  0%| F|  |TAMS 0x0000000090800000, 0x0000000090800000| Untracked 
|  91|0x0000000090900000, 0x0000000090900000, 0x0000000090a00000|  0%| F|  |TAMS 0x0000000090900000, 0x0000000090900000| Untracked 
|  92|0x0000000090a00000, 0x0000000090a00000, 0x0000000090b00000|  0%| F|  |TAMS 0x0000000090a00000, 0x0000000090a00000| Untracked 
|  93|0x0000000090b00000, 0x0000000090b00000, 0x0000000090c00000|  0%| F|  |TAMS 0x0000000090b00000, 0x0000000090b00000| Untracked 
|  94|0x0000000090c00000, 0x0000000090c00000, 0x0000000090d00000|  0%| F|  |TAMS 0x0000000090c00000, 0x0000000090c00000| Untracked 
|  95|0x0000000090d00000, 0x0000000090d00000, 0x0000000090e00000|  0%| F|  |TAMS 0x0000000090d00000, 0x0000000090d00000| Untracked 
|  96|0x0000000090e00000, 0x0000000090e00000, 0x0000000090f00000|  0%| F|  |TAMS 0x0000000090e00000, 0x0000000090e00000| Untracked 
|  97|0x0000000090f00000, 0x0000000090f00000, 0x0000000091000000|  0%| F|  |TAMS 0x0000000090f00000, 0x0000000090f00000| Untracked 
|  98|0x0000000091000000, 0x0000000091000000, 0x0000000091100000|  0%| F|  |TAMS 0x0000000091000000, 0x0000000091000000| Untracked 
|  99|0x0000000091100000, 0x0000000091100000, 0x0000000091200000|  0%| F|  |TAMS 0x0000000091100000, 0x0000000091100000| Untracked 
| 100|0x0000000091200000, 0x0000000091200000, 0x0000000091300000|  0%| F|  |TAMS 0x0000000091200000, 0x0000000091200000| Untracked 
| 101|0x0000000091300000, 0x0000000091300000, 0x0000000091400000|  0%| F|  |TAMS 0x0000000091300000, 0x0000000091300000| Untracked 
| 102|0x0000000091400000, 0x0000000091400000, 0x0000000091500000|  0%| F|  |TAMS 0x0000000091400000, 0x0000000091400000| Untracked 
| 103|0x0000000091500000, 0x0000000091500000, 0x0000000091600000|  0%| F|  |TAMS 0x0000000091500000, 0x0000000091500000| Untracked 
| 104|0x0000000091600000, 0x0000000091600000, 0x0000000091700000|  0%| F|  |TAMS 0x0000000091600000, 0x0000000091600000| Untracked 
| 105|0x0000000091700000, 0x0000000091700000, 0x0000000091800000|  0%| F|  |TAMS 0x0000000091700000, 0x0000000091700000| Untracked 
| 106|0x0000000091800000, 0x0000000091800000, 0x0000000091900000|  0%| F|  |TAMS 0x0000000091800000, 0x0000000091800000| Untracked 
| 107|0x0000000091900000, 0x0000000091900000, 0x0000000091a00000|  0%| F|  |TAMS 0x0000000091900000, 0x0000000091900000| Untracked 
| 108|0x0000000091a00000, 0x0000000091a00000, 0x0000000091b00000|  0%| F|  |TAMS 0x0000000091a00000, 0x0000000091a00000| Untracked 
| 109|0x0000000091b00000, 0x0000000091b00000, 0x0000000091c00000|  0%| F|  |TAMS 0x0000000091b00000, 0x0000000091b00000| Untracked 
| 110|0x0000000091c00000, 0x0000000091c00000, 0x0000000091d00000|  0%| F|  |TAMS 0x0000000091c00000, 0x0000000091c00000| Untracked 
| 111|0x0000000091d00000, 0x0000000091d00000, 0x0000000091e00000|  0%| F|  |TAMS 0x0000000091d00000, 0x0000000091d00000| Untracked 
| 112|0x0000000091e00000, 0x0000000091e00000, 0x0000000091f00000|  0%| F|  |TAMS 0x0000000091e00000, 0x0000000091e00000| Untracked 
| 113|0x0000000091f00000, 0x0000000091f00000, 0x0000000092000000|  0%| F|  |TAMS 0x0000000091f00000, 0x0000000091f00000| Untracked 
| 114|0x0000000092000000, 0x0000000092000000, 0x0000000092100000|  0%| F|  |TAMS 0x0000000092000000, 0x0000000092000000| Untracked 
| 115|0x0000000092100000, 0x0000000092100000, 0x0000000092200000|  0%| F|  |TAMS 0x0000000092100000, 0x0000000092100000| Untracked 
| 116|0x0000000092200000, 0x0000000092200000, 0x0000000092300000|  0%| F|  |TAMS 0x0000000092200000, 0x0000000092200000| Untracked 
| 117|0x0000000092300000, 0x00000000923fa300, 0x0000000092400000| 97%| E|  |TAMS 0x0000000092300000, 0x0000000092300000| Complete 

Card table byte_map: [0x000002a772e50000,0x000002a773200000] _byte_map_base: 0x000002a7729f9000

Marking Bits (Prev, Next): (CMBitMap*) 0x000002a7659ee350, (CMBitMap*) 0x000002a7659ee390
 Prev Bits: [0x000002a7735b0000, 0x000002a7752f8000)
 Next Bits: [0x000002a775300000, 0x000002a777048000)

Polling page: 0x000002a7658e0000

Metaspace:

Usage:
  Non-class:     11.01 MB used.
      Class:      1.70 MB used.
       Both:     12.71 MB used.

Virtual space:
  Non-class space:       64.00 MB reserved,      11.19 MB ( 17%) committed,  1 nodes.
      Class space:        1.00 GB reserved,       1.81 MB ( <1%) committed,  1 nodes.
             Both:        1.06 GB reserved,      13.00 MB (  1%) committed. 

Chunk freelists:
   Non-Class:  720.00 KB
       Class:  2.17 MB
        Both:  2.88 MB

MaxMetaspaceSize: unlimited
CompressedClassSpaceSize: 1.00 GB
Initial GC threshold: 21.00 MB
Current GC threshold: 21.00 MB
CDS: on
MetaspaceReclaimPolicy: balanced
 - commit_granule_bytes: 65536.
 - commit_granule_words: 8192.
 - virtual_space_node_default_size: 8388608.
 - enlarge_chunks_in_place: 1.
 - new_chunks_are_fully_committed: 0.
 - uncommit_free_chunks: 1.
 - use_allocation_guard: 0.


Internal statistics:

num_allocs_failed_limit: 0.
num_arena_births: 312.
num_arena_deaths: 0.
num_vsnodes_births: 2.
num_vsnodes_deaths: 0.
num_space_committed: 208.
num_space_uncommitted: 0.
num_chunks_returned_to_freelist: 0.
num_chunks_taken_from_freelist: 671.
num_chunk_merges: 0.
num_chunk_splits: 443.
num_chunks_enlarged: 313.
num_inconsistent_stats: 0.

CodeCache: size=49152Kb used=5711Kb max_used=5711Kb free=43440Kb
 bounds [0x000002a76f440000, 0x000002a76f9e0000, 0x000002a772440000]
 total_blobs=2455 nmethods=1978 adapters=400
 compilation: enabled
              stopped_count=0, restarted_count=0
 full_count=0

Compilation events (20 events):
Event: 3.300 Thread 0x000002a77a075700 nmethod 1971 0x000002a76f9d0d90 code [0x000002a76f9d0f20, 0x000002a76f9d1018]
Event: 3.300 Thread 0x000002a77a075700 1972       1       jdk.internal.misc.Unsafe::getShortUnaligned (33 bytes)
Event: 3.301 Thread 0x000002a77a03e1c0 nmethod 1970 0x000002a76f9d1090 code [0x000002a76f9d1220, 0x000002a76f9d13a8]
Event: 3.301 Thread 0x000002a77a03e1c0 1973       1       jdk.internal.misc.Unsafe::convEndian (16 bytes)
Event: 3.301 Thread 0x000002a77eb30f70 nmethod 1969 0x000002a76f9d1490 code [0x000002a76f9d1640, 0x000002a76f9d18b8]
Event: 3.301 Thread 0x000002a77eb30f70 1974       1       java.lang.Short::reverseBytes (14 bytes)
Event: 3.301 Thread 0x000002a77a075700 nmethod 1972 0x000002a76f9d1a10 code [0x000002a76f9d1ba0, 0x000002a76f9d1cf8]
Event: 3.302 Thread 0x000002a77a075700 1975       1       java.util.Collections$EmptyMap::get (2 bytes)
Event: 3.302 Thread 0x000002a77e473030 nmethod 1968 0x000002a76f9d1d90 code [0x000002a76f9d1f60, 0x000002a76f9d22b8]
Event: 3.302 Thread 0x000002a77a03e1c0 nmethod 1973 0x000002a76f9d2510 code [0x000002a76f9d26a0, 0x000002a76f9d2778]
Event: 3.302 Thread 0x000002a77eb30f70 nmethod 1974 0x000002a76f9d2810 code [0x000002a76f9d29a0, 0x000002a76f9d2a58]
Event: 3.303 Thread 0x000002a77a075700 nmethod 1975 0x000002a76f9d2b10 code [0x000002a76f9d2ca0, 0x000002a76f9d2d78]
Event: 3.303 Thread 0x000002a77eb30f70 1976       1       sun.reflect.generics.visitor.Reifier::make (9 bytes)
Event: 3.303 Thread 0x000002a77a075700 1977       1       sun.reflect.generics.visitor.Reifier::<init> (10 bytes)
Event: 3.303 Thread 0x000002a77e473030 1978       1       sun.reflect.generics.visitor.Reifier::getResult (26 bytes)
Event: 3.304 Thread 0x000002a77e473030 nmethod 1978 0x000002a76f9d2e10 code [0x000002a76f9d2fa0, 0x000002a76f9d3078]
Event: 3.304 Thread 0x000002a77eb30f70 nmethod 1976 0x000002a76f9d3110 code [0x000002a76f9d32a0, 0x000002a76f9d33f8]
Event: 3.304 Thread 0x000002a77a075700 nmethod 1977 0x000002a76f9d3490 code [0x000002a76f9d3620, 0x000002a76f9d3738]
Event: 3.308 Thread 0x000002a77a075700 1979       1       java.util.LinkedHashMap::afterNodeAccess (116 bytes)
Event: 3.308 Thread 0x000002a77a075700 nmethod 1979 0x000002a76f9d3790 code [0x000002a76f9d3940, 0x000002a76f9d3d78]

GC Heap History (4 events):
Event: 1.974 GC heap before
{Heap before GC invocations=0 (full 0):
 garbage-first heap   total 120832K, used 24576K [0x000000008ae00000, 0x0000000100000000)
  region size 1024K, 23 young (23552K), 0 survivors (0K)
 Metaspace       used 7681K, committed 7936K, reserved 1114112K
  class space    used 935K, committed 1088K, reserved 1048576K
}
Event: 1.992 GC heap after
{Heap after GC invocations=1 (full 0):
 garbage-first heap   total 120832K, used 9684K [0x000000008ae00000, 0x0000000100000000)
  region size 1024K, 3 young (3072K), 3 survivors (3072K)
 Metaspace       used 7681K, committed 7936K, reserved 1114112K
  class space    used 935K, committed 1088K, reserved 1048576K
}
Event: 3.282 GC heap before
{Heap before GC invocations=1 (full 0):
 garbage-first heap   total 120832K, used 35284K [0x000000008ae00000, 0x0000000100000000)
  region size 1024K, 28 young (28672K), 3 survivors (3072K)
 Metaspace       used 12941K, committed 13184K, reserved 1114112K
  class space    used 1725K, committed 1856K, reserved 1048576K
}
Event: 3.293 GC heap after
{Heap after GC invocations=2 (full 0):
 garbage-first heap   total 120832K, used 11564K [0x000000008ae00000, 0x0000000100000000)
  region size 1024K, 2 young (2048K), 2 survivors (2048K)
 Metaspace       used 12941K, committed 13184K, reserved 1114112K
  class space    used 1725K, committed 1856K, reserved 1048576K
}

Deoptimization events (0 events):
No events

Classes loaded (20 events):
Event: 3.232 Loading class java/util/OptionalLong
Event: 3.232 Loading class java/util/OptionalLong done
Event: 3.246 Loading class java/time/temporal/TemporalAdjusters
Event: 3.246 Loading class java/time/temporal/TemporalAdjusters done
Event: 3.248 Loading class java/time/zone/ZoneOffsetTransitionRule$1
Event: 3.248 Loading class java/time/zone/ZoneOffsetTransitionRule$1 done
Event: 3.248 Loading class java/time/ZonedDateTime$1
Event: 3.248 Loading class java/time/ZonedDateTime$1 done
Event: 3.253 Loading class java/lang/reflect/MalformedParameterizedTypeException
Event: 3.253 Loading class java/lang/reflect/MalformedParameterizedTypeException done
Event: 3.262 Loading class org/xml/sax/ErrorHandler
Event: 3.262 Loading class org/xml/sax/ErrorHandler done
Event: 3.263 Loading class org/xml/sax/SAXParseException
Event: 3.263 Loading class org/xml/sax/SAXParseException done
Event: 3.263 Loading class javax/xml/parsers/ParserConfigurationException
Event: 3.264 Loading class javax/xml/parsers/ParserConfigurationException done
Event: 3.265 Loading class org/xml/sax/EntityResolver
Event: 3.265 Loading class org/xml/sax/EntityResolver done
Event: 3.274 Loading class java/io/CharConversionException
Event: 3.274 Loading class java/io/CharConversionException done

Classes unloaded (0 events):
No events

Classes redefined (0 events):
No events

Internal exceptions (20 events):
Event: 2.508 Thread 0x000002a767b1aed0 Exception <a 'java/lang/NoSuchMethodError'{0x0000000091d2f0a8}: 'java.lang.Object java.lang.invoke.DirectMethodHandle$Holder.newInvokeSpecial(java.lang.Object, java.lang.Object, java.lang.Object, java.lang.Object, java.lang.Object, java.lang.Object, int)'> (0x0000000091d2f0a8) 
thrown [s\open\src\hotspot\share\interpreter\linkResolver.cpp, line 759]
Event: 2.509 Thread 0x000002a767b1aed0 Exception <a 'java/lang/NoSuchMethodError'{0x0000000091d340f8}: 'java.lang.Object java.lang.invoke.DirectMethodHandle$Holder.invokeSpecial(java.lang.Object, java.lang.Object, java.lang.Object, java.lang.Object, java.lang.Object, java.lang.Object, java.lang.Object, int)'> (0x0000000091d340f8) 
thrown [s\open\src\hotspot\share\interpreter\linkResolver.cpp, line 759]
Event: 2.575 Thread 0x000002a767b1aed0 Exception <a 'java/lang/NoSuchMethodError'{0x0000000091c86060}: 'void java.lang.invoke.DirectMethodHandle$Holder.invokeSpecial(java.lang.Object, java.lang.Object, java.lang.Object, java.lang.Object, java.lang.Object)'> (0x0000000091c86060) 
thrown [s\open\src\hotspot\share\interpreter\linkResolver.cpp, line 759]
Event: 2.618 Thread 0x000002a767b1aed0 Exception <a 'java/lang/NoSuchMethodError'{0x0000000091b6c008}: 'java.lang.Object java.lang.invoke.DirectMethodHandle$Holder.invokeSpecial(java.lang.Object, java.lang.Object, java.lang.Object, int, java.lang.Object)'> (0x0000000091b6c008) 
thrown [s\open\src\hotspot\share\interpreter\linkResolver.cpp, line 759]
Event: 2.620 Thread 0x000002a767b1aed0 Exception <a 'java/lang/NoSuchMethodError'{0x0000000091b74668}: 'java.lang.Object java.lang.invoke.DirectMethodHandle$Holder.newInvokeSpecial(java.lang.Object, java.lang.Object, java.lang.Object, int, java.lang.Object)'> (0x0000000091b74668) 
thrown [s\open\src\hotspot\share\interpreter\linkResolver.cpp, line 759]
Event: 2.621 Thread 0x000002a767b1aed0 Exception <a 'java/lang/NoSuchMethodError'{0x0000000091b7c048}: 'java.lang.Object java.lang.invoke.Invokers$Holder.linkToTargetMethod(java.lang.Object, java.lang.Object, int, java.lang.Object, java.lang.Object)'> (0x0000000091b7c048) 
thrown [s\open\src\hotspot\share\interpreter\linkResolver.cpp, line 759]
Event: 2.623 Thread 0x000002a767b1aed0 Exception <a 'java/lang/NoSuchMethodError'{0x0000000091b8acd0}: 'java.lang.Object java.lang.invoke.DirectMethodHandle$Holder.newInvokeSpecial(java.lang.Object, int, java.lang.Object)'> (0x0000000091b8acd0) 
thrown [s\open\src\hotspot\share\interpreter\linkResolver.cpp, line 759]
Event: 2.623 Thread 0x000002a767b1aed0 Exception <a 'java/lang/NoSuchMethodError'{0x0000000091b8f720}: 'int java.lang.invoke.DirectMethodHandle$Holder.invokeSpecialIFC(java.lang.Object, java.lang.Object, java.lang.Object, java.lang.Object)'> (0x0000000091b8f720) 
thrown [s\open\src\hotspot\share\interpreter\linkResolver.cpp, line 759]
Event: 2.659 Thread 0x000002a767b1aed0 Exception <a 'java/lang/NoSuchMethodError'{0x0000000091a76af0}: 'void java.lang.invoke.DirectMethodHandle$Holder.invokeInterface(java.lang.Object, java.lang.Object, java.lang.Object)'> (0x0000000091a76af0) 
thrown [s\open\src\hotspot\share\interpreter\linkResolver.cpp, line 759]
Event: 2.697 Thread 0x000002a767b1aed0 Exception <a 'java/lang/NoSuchMethodError'{0x0000000091afdb18}: 'java.lang.Object java.lang.invoke.DirectMethodHandle$Holder.invokeVirtual(java.lang.Object, java.lang.Object, java.lang.Object)'> (0x0000000091afdb18) 
thrown [s\open\src\hotspot\share\interpreter\linkResolver.cpp, line 759]
Event: 2.746 Thread 0x000002a767b1aed0 Exception <a 'java/lang/NoSuchMethodError'{0x00000000919f7660}: 'void java.lang.invoke.DirectMethodHandle$Holder.invokeStatic(java.lang.Object, java.lang.Object, int)'> (0x00000000919f7660) 
thrown [s\open\src\hotspot\share\interpreter\linkResolver.cpp, line 759]
Event: 2.751 Thread 0x000002a767b1aed0 Exception <a 'java/lang/NoSuchMethodError'{0x0000000091808d20}: 'void java.lang.invoke.DirectMethodHandle$Holder.invokeStaticInit(java.lang.Object, java.lang.Object, java.lang.Object)'> (0x0000000091808d20) 
thrown [s\open\src\hotspot\share\interpreter\linkResolver.cpp, line 759]
Event: 2.791 Thread 0x000002a767b1aed0 Exception <a 'java/lang/NoSuchMethodError'{0x00000000918bcd20}: 'void java.lang.invoke.DirectMethodHandle$Holder.invokeVirtual(java.lang.Object, java.lang.Object, java.lang.Object, java.lang.Object)'> (0x00000000918bcd20) 
thrown [s\open\src\hotspot\share\interpreter\linkResolver.cpp, line 759]
Event: 2.834 Thread 0x000002a767b1aed0 Exception <a 'java/lang/NoSuchMethodError'{0x0000000091770160}: 'java.lang.Object java.lang.invoke.DirectMethodHandle$Holder.invokeSpecial(java.lang.Object, java.lang.Object, long, java.lang.Object, java.lang.Object, java.lang.Object, java.lang.Object, java.lang.Object, java.lang.Object)'> (0x0000000091770160) 
thrown [s\open\src\hotspot\share\interpreter\linkResolver.cpp, line 759]
Event: 2.836 Thread 0x000002a767b1aed0 Exception <a 'java/lang/NoSuchMethodError'{0x00000000917749e8}: 'java.lang.Object java.lang.invoke.DelegatingMethodHandle$Holder.reinvoke_L(java.lang.Object, long, java.lang.Object, java.lang.Object, java.lang.Object, java.lang.Object, java.lang.Object, java.lang.Object)'> (0x00000000917749e8) 
thrown [s\open\src\hotspot\share\interpreter\linkResolver.cpp, line 759]
Event: 2.963 Thread 0x000002a767b1aed0 Exception <a 'java/lang/NoSuchMethodError'{0x000000009150fc10}: 'java.lang.reflect.Field[] java.lang.Class.getDeclaredFields(java.lang.Class)'> (0x000000009150fc10) 
thrown [s\open\src\hotspot\share\interpreter\linkResolver.cpp, line 759]
Event: 2.964 Thread 0x000002a767b1aed0 Exception <a 'java/lang/NoSuchMethodError'{0x00000000915145d0}: 'java.lang.Object java.lang.invoke.DirectMethodHandle$Holder.invokeStatic(java.lang.Object, java.lang.Object, int)'> (0x00000000915145d0) 
thrown [s\open\src\hotspot\share\interpreter\linkResolver.cpp, line 759]
Event: 2.968 Thread 0x000002a767b1aed0 Exception <a 'java/lang/NoSuchMethodError'{0x000000009151fde8}: 'void java.lang.invoke.DelegatingMethodHandle$Holder.delegate(java.lang.Object, java.lang.Object, int, java.lang.Object)'> (0x000000009151fde8) 
thrown [s\open\src\hotspot\share\interpreter\linkResolver.cpp, line 759]
Event: 3.006 Thread 0x000002a767b1aed0 Exception <a 'java/lang/IncompatibleClassChangeError'{0x0000000091437a48}: Found class java.lang.Object, but interface was expected> (0x0000000091437a48) 
thrown [s\open\src\hotspot\share\interpreter\linkResolver.cpp, line 826]
Event: 3.247 Thread 0x000002a767b1aed0 Exception <a 'java/lang/NoSuchMethodError'{0x000000009094ca90}: 'java.lang.Object java.lang.invoke.DirectMethodHandle$Holder.invokeStatic(java.lang.Object, int, java.lang.Object)'> (0x000000009094ca90) 
thrown [s\open\src\hotspot\share\interpreter\linkResolver.cpp, line 759]

VM Operations (20 events):
Event: 1.124 Executing VM operation: Cleanup
Event: 1.125 Executing VM operation: Cleanup done
Event: 1.217 Executing VM operation: HandshakeAllThreads
Event: 1.217 Executing VM operation: HandshakeAllThreads done
Event: 1.226 Executing VM operation: HandshakeAllThreads
Event: 1.226 Executing VM operation: HandshakeAllThreads done
Event: 1.961 Executing VM operation: HandshakeAllThreads
Event: 1.961 Executing VM operation: HandshakeAllThreads done
Event: 1.974 Executing VM operation: G1CollectForAllocation
Event: 1.992 Executing VM operation: G1CollectForAllocation done
Event: 2.586 Executing VM operation: HandshakeAllThreads
Event: 2.586 Executing VM operation: HandshakeAllThreads done
Event: 2.931 Executing VM operation: HandshakeAllThreads
Event: 2.931 Executing VM operation: HandshakeAllThreads done
Event: 2.940 Executing VM operation: HandshakeAllThreads
Event: 2.940 Executing VM operation: HandshakeAllThreads done
Event: 2.944 Executing VM operation: ICBufferFull
Event: 2.945 Executing VM operation: ICBufferFull done
Event: 3.282 Executing VM operation: G1CollectForAllocation
Event: 3.293 Executing VM operation: G1CollectForAllocation done

Events (20 events):
Event: 0.059 Thread 0x000002a77a074d60 Thread added: 0x000002a77a074d60
Event: 0.059 Thread 0x000002a77a075700 Thread added: 0x000002a77a075700
Event: 0.059 Thread 0x000002a77a0815f0 Thread added: 0x000002a77a0815f0
Event: 0.207 Thread 0x000002a77a03dd00 Thread added: 0x000002a77a03dd00
Event: 0.209 Thread 0x000002a77a03e1c0 Thread added: 0x000002a77a03e1c0
Event: 0.228 Thread 0x000002a77e473030 Thread added: 0x000002a77e473030
Event: 0.249 Loaded shared library C:\Program Files\Java\jdk-18.0.2.1\bin\zip.dll
Event: 0.255 Loaded shared library C:\Program Files\Java\jdk-18.0.2.1\bin\instrument.dll
Event: 0.267 Loaded shared library C:\Program Files\Java\jdk-18.0.2.1\bin\net.dll
Event: 0.270 Loaded shared library C:\Program Files\Java\jdk-18.0.2.1\bin\nio.dll
Event: 0.276 Loaded shared library C:\Program Files\Java\jdk-18.0.2.1\bin\zip.dll
Event: 0.560 Loaded shared library C:\Program Files\JetBrains\IntelliJ IDEA 2022.3\bin\breakgen64.dll
Event: 0.561 Thread 0x000002a77e7fea10 Thread added: 0x000002a77e7fea10
Event: 0.562 Thread 0x000002a77e826630 Thread added: 0x000002a77e826630
Event: 0.570 Loaded shared library C:\Program Files\Java\jdk-18.0.2.1\bin\jimage.dll
Event: 0.613 Loaded shared library C:\Program Files\Java\jdk-18.0.2.1\bin\management.dll
Event: 0.631 Loaded shared library C:\Program Files\Java\jdk-18.0.2.1\bin\management_ext.dll
Event: 1.098 Thread 0x000002a77e9a3770 Thread added: 0x000002a77e9a3770
Event: 1.325 Thread 0x000002a77eb30f70 Thread added: 0x000002a77eb30f70
Event: 2.953 Thread 0x000002a77effad90 Thread added: 0x000002a77effad90


Dynamic libraries:
0x00007ff6d87a0000 - 0x00007ff6d87b0000 	C:\Program Files\Java\jdk-18.0.2.1\bin\java.exe
0x00007ffda1120000 - 0x00007ffda1329000 	C:\Windows\SYSTEM32\ntdll.dll
0x00007ffda04a0000 - 0x00007ffda055e000 	C:\Windows\System32\KERNEL32.DLL
0x00007ffd9e6e0000 - 0x00007ffd9ea5c000 	C:\Windows\System32\KERNELBASE.dll
0x00007ffd9ed10000 - 0x00007ffd9ee21000 	C:\Windows\System32\ucrtbase.dll
0x00007ffd8b900000 - 0x00007ffd8b918000 	C:\Program Files\Java\jdk-18.0.2.1\bin\jli.dll
0x00007ffd8b920000 - 0x00007ffd8b93a000 	C:\Program Files\Java\jdk-18.0.2.1\bin\VCRUNTIME140.dll
0x00007ffda1030000 - 0x00007ffda10de000 	C:\Windows\System32\ADVAPI32.dll
0x00007ffda09c0000 - 0x00007ffda0a63000 	C:\Windows\System32\msvcrt.dll
0x00007ffd9ff40000 - 0x00007ffd9ffde000 	C:\Windows\System32\sechost.dll
0x00007ffda07c0000 - 0x00007ffda08e0000 	C:\Windows\System32\RPCRT4.dll
0x00007ffd9fd80000 - 0x00007ffd9ff2d000 	C:\Windows\System32\USER32.dll
0x00007ffd9ebc0000 - 0x00007ffd9ebe6000 	C:\Windows\System32\win32u.dll
0x00007ffd7a0d0000 - 0x00007ffd7a375000 	C:\Windows\WinSxS\amd64_microsoft.windows.common-controls_6595b64144ccf1df_6.0.22000.120_none_9d947278b86cc467\COMCTL32.dll
0x00007ffda0ee0000 - 0x00007ffda0f09000 	C:\Windows\System32\GDI32.dll
0x00007ffd9ebf0000 - 0x00007ffd9ed08000 	C:\Windows\System32\gdi32full.dll
0x00007ffd9ea60000 - 0x00007ffd9eafd000 	C:\Windows\System32\msvcp_win.dll
0x00007ffd963b0000 - 0x00007ffd963ba000 	C:\Windows\SYSTEM32\VERSION.dll
0x00007ffd9fc40000 - 0x00007ffd9fc72000 	C:\Windows\System32\IMM32.DLL
0x00007ffd8ba20000 - 0x00007ffd8ba2c000 	C:\Program Files\Java\jdk-18.0.2.1\bin\vcruntime140_1.dll
0x00007ffd6d7d0000 - 0x00007ffd6d85d000 	C:\Program Files\Java\jdk-18.0.2.1\bin\msvcp140.dll
0x00007ffcf8000000 - 0x00007ffcf8c11000 	C:\Program Files\Java\jdk-18.0.2.1\bin\server\jvm.dll
0x00007ffd9ff30000 - 0x00007ffd9ff38000 	C:\Windows\System32\PSAPI.DLL
0x00007ffd991d0000 - 0x00007ffd99203000 	C:\Windows\SYSTEM32\WINMM.dll
0x00007ffd7c2c0000 - 0x00007ffd7c2c9000 	C:\Windows\SYSTEM32\WSOCK32.dll
0x00007ffda0290000 - 0x00007ffda02ff000 	C:\Windows\System32\WS2_32.dll
0x00007ffd9d630000 - 0x00007ffd9d648000 	C:\Windows\SYSTEM32\kernel.appcore.dll
0x00007ffd8b890000 - 0x00007ffd8b89a000 	C:\Program Files\Java\jdk-18.0.2.1\bin\jimage.dll
0x00007ffd94810000 - 0x00007ffd94a31000 	C:\Windows\SYSTEM32\DBGHELP.DLL
0x00007ffd86620000 - 0x00007ffd86651000 	C:\Windows\SYSTEM32\dbgcore.DLL
0x00007ffd9e660000 - 0x00007ffd9e6df000 	C:\Windows\System32\bcryptPrimitives.dll
0x00007ffd9ba10000 - 0x00007ffd9ba1e000 	C:\Program Files\Java\jdk-18.0.2.1\bin\instrument.dll
0x00007ffd87310000 - 0x00007ffd87335000 	C:\Program Files\Java\jdk-18.0.2.1\bin\java.dll
0x00007ffd5ef40000 - 0x00007ffd5f016000 	C:\Program Files\Java\jdk-18.0.2.1\bin\jsvml.dll
0x00007ffd9f470000 - 0x00007ffd9fc35000 	C:\Windows\System32\SHELL32.dll
0x00007ffd9c6a0000 - 0x00007ffd9cf05000 	C:\Windows\SYSTEM32\windows.storage.dll
0x00007ffd9efa0000 - 0x00007ffd9f318000 	C:\Windows\System32\combase.dll
0x00007ffd9c530000 - 0x00007ffd9c696000 	C:\Windows\SYSTEM32\wintypes.dll
0x00007ffd9f380000 - 0x00007ffd9f46a000 	C:\Windows\System32\SHCORE.dll
0x00007ffd9f320000 - 0x00007ffd9f37d000 	C:\Windows\System32\shlwapi.dll
0x00007ffd9e520000 - 0x00007ffd9e541000 	C:\Windows\SYSTEM32\profapi.dll
0x00007ffd85390000 - 0x00007ffd853a8000 	C:\Program Files\Java\jdk-18.0.2.1\bin\zip.dll
0x00007ffd878e0000 - 0x00007ffd878f3000 	C:\Program Files\Java\jdk-18.0.2.1\bin\net.dll
0x00007ffd99300000 - 0x00007ffd99414000 	C:\Windows\SYSTEM32\WINHTTP.dll
0x00007ffd9dac0000 - 0x00007ffd9db27000 	C:\Windows\system32\mswsock.dll
0x00007ffd872f0000 - 0x00007ffd87306000 	C:\Program Files\Java\jdk-18.0.2.1\bin\nio.dll
0x00007ffd86600000 - 0x00007ffd8661a000 	C:\Program Files\JetBrains\IntelliJ IDEA 2022.3\bin\breakgen64.dll
0x00007ffd9d190000 - 0x00007ffd9d278000 	C:\Windows\SYSTEM32\DNSAPI.dll
0x00007ffd9d160000 - 0x00007ffd9d18d000 	C:\Windows\SYSTEM32\IPHLPAPI.DLL
0x00007ffd9fd70000 - 0x00007ffd9fd79000 	C:\Windows\System32\NSI.dll
0x00007ffd87560000 - 0x00007ffd8756a000 	C:\Windows\System32\rasadhlp.dll
0x00007ffd977a0000 - 0x00007ffd97821000 	C:\Windows\System32\fwpuclnt.dll
0x00007ffd87910000 - 0x00007ffd87919000 	C:\Program Files\Java\jdk-18.0.2.1\bin\management.dll
0x00007ffd87900000 - 0x00007ffd8790b000 	C:\Program Files\Java\jdk-18.0.2.1\bin\management_ext.dll
0x00007ffd9dda0000 - 0x00007ffd9ddb8000 	C:\Windows\SYSTEM32\CRYPTSP.dll
0x00007ffd9d590000 - 0x00007ffd9d5c5000 	C:\Windows\system32\rsaenh.dll
0x00007ffd9db60000 - 0x00007ffd9db89000 	C:\Windows\SYSTEM32\USERENV.dll
0x00007ffd9df40000 - 0x00007ffd9df67000 	C:\Windows\SYSTEM32\bcrypt.dll
0x00007ffd9dcb0000 - 0x00007ffd9dcbc000 	C:\Windows\SYSTEM32\CRYPTBASE.dll
0x00007ffd99190000 - 0x00007ffd991a9000 	C:\Windows\SYSTEM32\dhcpcsvc6.DLL
0x00007ffd99a10000 - 0x00007ffd99a2e000 	C:\Windows\SYSTEM32\dhcpcsvc.DLL
0x00007ffd789e0000 - 0x00007ffd789f7000 	C:\Windows\system32\napinsp.dll
0x00007ffd786a0000 - 0x00007ffd786bb000 	C:\Windows\system32\pnrpnsp.dll
0x00007ffd78680000 - 0x00007ffd78692000 	C:\Windows\System32\winrnr.dll
0x00007ffd781e0000 - 0x00007ffd781f5000 	C:\Windows\system32\wshbth.dll
0x00007ffd78270000 - 0x00007ffd7828f000 	C:\Windows\system32\nlansp_c.dll

dbghelp: loaded successfully - version: 4.0.5 - missing functions: none
symbol engine: initialized successfully - sym options: 0x614 - pdb path: .;C:\Program Files\Java\jdk-18.0.2.1\bin;C:\Windows\SYSTEM32;C:\Windows\WinSxS\amd64_microsoft.windows.common-controls_6595b64144ccf1df_6.0.22000.120_none_9d947278b86cc467;C:\Program Files\Java\jdk-18.0.2.1\bin\server;C:\Program Files\JetBrains\IntelliJ IDEA 2022.3\bin

VM Arguments:
jvm_args: -XX:TieredStopAtLevel=1 -Dspring.output.ansi.enabled=always -Dcom.sun.management.jmxremote -Dspring.jmx.enabled=true -Dspring.liveBeansView.mbeanDomain -Dspring.application.admin.enabled=true -Dmanagement.endpoints.jmx.exposure.include=* -javaagent:C:\Program Files\JetBrains\IntelliJ IDEA 2022.3\lib\idea_rt.jar=58270:C:\Program Files\JetBrains\IntelliJ IDEA 2022.3\bin -Dfile.encoding=UTF-8 -Dsun.stdout.encoding=UTF-8 -Dsun.stderr.encoding=UTF-8 
java_command: com.test_task.table.TableApplication
java_class_path (initial): C:\Program Files\Java\jdk-18.0.2.1;C:\Users\Admin\Desktop\dotcome test_task\implementation\table_implementation\table\target\classes;C:\Users\Admin\.m2\repository\org\springframework\boot\spring-boot-starter-data-jpa\3.4.0\spring-boot-starter-data-jpa-3.4.0.jar;C:\Users\Admin\.m2\repository\org\springframework\boot\spring-boot-starter\3.4.0\spring-boot-starter-3.4.0.jar;C:\Users\Admin\.m2\repository\org\springframework\boot\spring-boot\3.4.0\spring-boot-3.4.0.jar;C:\Users\Admin\.m2\repository\org\springframework\boot\spring-boot-autoconfigure\3.4.0\spring-boot-autoconfigure-3.4.0.jar;C:\Users\Admin\.m2\repository\org\springframework\boot\spring-boot-starter-logging\3.4.0\spring-boot-starter-logging-3.4.0.jar;C:\Users\Admin\.m2\repository\ch\qos\logback\logback-classic\1.5.12\logback-classic-1.5.12.jar;C:\Users\Admin\.m2\repository\ch\qos\logback\logback-core\1.5.12\logback-core-1.5.12.jar;C:\Users\Admin\.m2\repository\org\apache\logging\log4j\log4j-to-slf4j\2.24.1\log4j-to-slf4j-2.24.1.jar;C:\Users\Admin\.m2\repository\org\apache\logging\log4j\log4j-api\2.24.1\log4j-api-2.24.1.jar;C:\Users\Admin\.m2\repository\org\slf4j\jul-to-slf4j\2.0.16\jul-to-slf4j-2.0.16.jar;C:\Users\Admin\.m2\repository\jakarta\annotation\jakarta.annotation-api\2.1.1\jakarta.annotation-api-2.1.1.jar;C:\Users\Admin\.m2\repository\org\springframework\boot\spring-boot-starter-jdbc\3.4.0\spring-boot-starter-jdbc-3.4.0.jar;C:\Users\Admin\.m2\repository\com\zaxxer\HikariCP\5.1.0\HikariCP-5.1.0.jar;C:\Users\Admin\.m2\repository\org\springframework\spring-jdbc\6.2.0\spring-jdbc-6.2.0.jar;C:\Users\Admin\.m2\repository\org\hibernate\orm\hibernate-core\6.6.2.Final\hibernate-core-6.6.2.Final.jar;C:\Users\Admin\.m2\repository\jakarta\persistence\jakarta.persistence-api\3.1.0\jakarta.persistence-api-3.1.0.jar;C:\Users\Admin\.m2\repository\jakarta\transaction\jakarta.transaction-api\2.0.1\jakarta.transaction-api-2.0.1.jar;C:\Users\Admin\.m2\repository\org\jboss\logging\jboss-logging\3.6.1.Final\jboss-logging-3.6.1.Final.jar;C:\Users\Admin\.m2\repository\org\hibernate\common\hibernate-commons-annotations\7.0.3.Final\hibernate-commons-annotations-7.0.3.Final.jar;C:\Users\Admin\.m2\repository\io\smallrye\jandex\3.2.0\jandex-3.2.0.jar;C:\Users\Admin\.m2\repository\com\fasterxml\classmate\1.7.0\classmate-1.7.0.jar;C:\Users\Admin\.m2\repository\net\bytebuddy\byte-buddy\1.15.10\byte-buddy-1.15.10.jar;C:\Users\Admin\.m2\repository\org\glassfish\jaxb\jaxb-runtime\4.0.5\jaxb-runtime-4.0.5.jar;C:\Users\Admin\.m2\repository\org\glassfish\jaxb\jaxb-core\4.0.5\jaxb-core-4.0.5.jar;C:\Users\Admin\.m2\repository\org\eclipse\angus\angus-activation\2.0.2\angus-activation-2.0.2.jar;C:\Users\Admin\.m2\repository\org\glassfish\jaxb\txw2\4.0.5\txw2-4.0.5.jar;C:\Users\Admin\.m2\repository\com\sun\istack\istack-commons-runtime\4.1.2\istack-commons-runtime-4.1.2.jar;C:\Users\Admin\.m2\repository\jakarta\inject\jakarta.inject-api\2.0.1\jakarta.inject-api-2.0.1.jar;C:\Users\Admin\.m2\repository\org\antlr\antlr4-runtime\4.13.0\antlr4-runtime-4.13.0.jar;C:\Users\Admin\.m2\repository\org\springframework\data\spring-data-jpa\3.4.0\spring-data-jpa-3.4.0.jar;C:\Users\Admin\.m2\repository\org\springframework\data\spring-data-commons\3.4.0\spring-data-commons-3.4.0.jar;C:\Users\Admin\.m2\repository\org\springframework\spring-orm\6.2.0\spring-orm-6.2.0.jar;C:\Users\Admin\.m2\repository\org\springframework\spring-context\6.2.0\spring-context-6.2.0.jar;C:\Users\Admin\.m2\repository\org\springframework\spring-aop\6.2.0\spring-aop-6.2.0.jar;C:\Users\Admin\.m2\repository\org\springframework\spring-tx\6.2.0\spring-tx-6.2.0.jar;C:\Users\Admin\.m2\repository\org\springframework\spring-beans\6.2.0\spring-beans-6.2.0.jar;C:\Users\Admin\.m2\repository\org\slf4j\slf4j-api\2.0.16\slf4j-api-2.0.16.jar;C:\Users\Admin\.m2\repository\org\springframework\spring-aspects\6.2.0\spring-aspects-6.2.0.jar;C:\Users\Admin\.m2\repository\org\aspectj\aspectjweaver\1.9.22.1\aspectjweaver-1.9.22.1.jar;C:\Users\Admin\.m2\repository\org\springframework\boot\spring-boot-starter-web\3.4.0\spring-boot-starter-web-3.4.0.jar;C:\Users\Admin\.m2\repository\org\springframework\boot\spring-boot-starter-json\3.4.0\spring-boot-starter-json-3.4.0.jar;C:\Users\Admin\.m2\repository\com\fasterxml\jackson\core\jackson-databind\2.18.1\jackson-databind-2.18.1.jar;C:\Users\Admin\.m2\repository\com\fasterxml\jackson\core\jackson-annotations\2.18.1\jackson-annotations-2.18.1.jar;C:\Users\Admin\.m2\repository\com\fasterxml\jackson\core\jackson-core\2.18.1\jackson-core-2.18.1.jar;C:\Users\Admin\.m2\repository\com\fasterxml\jackson\datatype\jackson-datatype-jdk8\2.18.1\jackson-datatype-jdk8-2.18.1.jar;C:\Users\Admin\.m2\repository\com\fasterxml\jackson\datatype\jackson-datatype-jsr310\2.18.1\jackson-datatype-jsr310-2.18.1.jar;C:\Users\Admin\.m2\repository\com\fasterxml\jackson\module\jackson-module-parameter-names\2.18.1\jackson-module-parameter-names-2.18.1.jar;C:\Users\Admin\.m2\repository\org\springframework\boot\spring-boot-starter-tomcat\3.4.0\spring-boot-starter-tomcat-3.4.0.jar;C:\Users\Admin\.m2\repository\org\apache\tomcat\embed\tomcat-embed-core\10.1.33\tomcat-embed-core-10.1.33.jar;C:\Users\Admin\.m2\repository\org\apache\tomcat\embed\tomcat-embed-websocket\10.1.33\tomcat-embed-websocket-10.1.33.jar;C:\Users\Admin\.m2\repository\org\springframework\spring-web\6.2.0\spring-web-6.2.0.jar;C:\Users\Admin\.m2\repository\io\micrometer\micrometer-observation\1.14.1\micrometer-observation-1.14.1.jar;C:\Users\Admin\.m2\repository\io\micrometer\micrometer-commons\1.14.1\micrometer-commons-1.14.1.jar;C:\Users\Admin\.m2\repository\org\springframework\spring-webmvc\6.2.0\spring-webmvc-6.2.0.jar;C:\Users\Admin\.m2\repository\org\springframework\spring-expression\6.2.0\spring-expression-6.2.0.jar;C:\Users\Admin\.m2\repository\org\liquibase\liquibase-maven-plugin\4.29.2\liquibase-maven-plugin-4.29.2.jar;C:\Users\Admin\.m2\repository\org\liquibase\liquibase-commercial\4.29.2\liquibase-commercial-4.29.2.jar;C:\Users\Admin\.m2\repository\org\liquibase\liquibase-core\4.29.2\liquibase-core-4.29.2.jar;C:\Users\Admin\.m2\repository\com\opencsv\opencsv\5.9\opencsv-5.9.jar;C:\Users\Admin\.m2\repository\org\yaml\snakeyaml\2.3\snakeyaml-2.3.jar;C:\Users\Admin\.m2\repository\javax\xml\bind\jaxb-api\2.3.1\jaxb-api-2.3.1.jar;C:\Users\Admin\.m2\repository\commons-io\commons-io\2.16.1\commons-io-2.16.1.jar;C:\Users\Admin\.m2\repository\org\apache\commons\commons-collections4\4.4\commons-collections4-4.4.jar;C:\Users\Admin\.m2\repository\org\apache\commons\commons-text\1.12.0\commons-text-1.12.0.jar;C:\Users\Admin\.m2\repository\org\apache\commons\commons-lang3\3.17.0\commons-lang3-3.17.0.jar;C:\Users\Admin\.m2\repository\org\springframework\boot\spring-boot-starter-validation\3.4.0\spring-boot-starter-validation-3.4.0.jar;C:\Users\Admin\.m2\repository\org\apache\tomcat\embed\tomcat-embed-el\10.1.33\tomcat-embed-el-10.1.33.jar;C:\Users\Admin\.m2\repository\org\hibernate\validator\hibernate-validator\8.0.1.Final\hibernate-validator-8.0.1.Final.jar;C:\Users\Admin\.m2\repository\jakarta\validation\jakarta.validation-api\3.0.2\jakarta.validation-api-3.0.2.jar;C:\Users\Admin\.m2\repository\org\postgresql\postgresql\42.7.3\postgresql-42.7.3.jar;C:\Users\Admin\.m2\repository\org\checkerframework\checker-qual\3.42.0\checker-qual-3.42.0.jar;C:\Users\Admin\.m2\repository\org\projectlombok\lombok\1.18.30\lombok-1.18.30.jar;C:\Users\Admin\.m2\repository\jakarta\xml\bind\jakarta.xml.bind-api\4.0.2\jakarta.xml.bind-api-4.0.2.jar;C:\Users\Admin\.m2\repository\jakarta\activation\jakarta.activation-api\2.1.3\jakarta.activation-api-2.1.3.jar;C:\Users\Admin\.m2\repository\org\springframework\spring-core\6.2.0\spring-core-6.2.0.jar;C:\Users\Admin\.m2\repository\org\springframework\spring-jcl\6.2.0\spring-jcl-6.2.0.jar;C:\Users\Admin\.m2\repository\org\mapstruct\mapstruct\1.5.5.Final\mapstruct-1.5.5.Final.jar
Launcher Type: SUN_STANDARD

[Global flags]
     intx CICompilerCount                          = 12                                        {product} {ergonomic}
     uint ConcGCThreads                            = 3                                         {product} {ergonomic}
     uint G1ConcRefinementThreads                  = 13                                        {product} {ergonomic}
   size_t G1HeapRegionSize                         = 1048576                                   {product} {ergonomic}
    uintx GCDrainStackTargetSize                   = 64                                        {product} {ergonomic}
   size_t InitialHeapSize                          = 123731968                                 {product} {ergonomic}
     bool ManagementServer                         = true                                      {product} {command line}
   size_t MarkStackSize                            = 4194304                                   {product} {ergonomic}
   size_t MaxHeapSize                              = 1965031424                                {product} {ergonomic}
   size_t MaxNewSize                               = 1178599424                                {product} {ergonomic}
   size_t MinHeapDeltaBytes                        = 1048576                                   {product} {ergonomic}
   size_t MinHeapSize                              = 8388608                                   {product} {ergonomic}
    uintx NonProfiledCodeHeapSize                  = 0                                      {pd product} {ergonomic}
     bool ProfileInterpreter                       = false                                  {pd product} {command line}
    uintx ProfiledCodeHeapSize                     = 0                                      {pd product} {ergonomic}
   size_t SoftMaxHeapSize                          = 1965031424                             {manageable} {ergonomic}
     intx TieredStopAtLevel                        = 1                                         {product} {command line}
     bool UseCompressedClassPointers               = true                           {product lp64_product} {ergonomic}
     bool UseCompressedOops                        = true                           {product lp64_product} {ergonomic}
     bool UseG1GC                                  = true                                      {product} {ergonomic}
     bool UseLargePagesIndividualAllocation        = false                                  {pd product} {ergonomic}

Logging:
Log output configuration:
 #0: stdout all=warning uptime,level,tags foldmultilines=false
 #1: stderr all=off uptime,level,tags foldmultilines=false

Environment Variables:
JAVA_HOME=C:\Program Files\Java\jdk-18.0.2.1
PATH=C:\Program Files\Common Files\Oracle\Java\javapath;C:\Windows\system32;C:\Windows;C:\Windows\System32\Wbem;C:\Windows\System32\WindowsPowerShell\v1.0\;C:\Windows\System32\OpenSSH\;C:\Program Files\Java\jdk-18.0.2.1\bin;C:\Program Files\Microsoft SQL Server\Client SDK\ODBC\170\Tools\Binn\;C:\Program Files (x86)\Microsoft SQL Server\150\Tools\Binn\;C:\Program Files\Microsoft SQL Server\150\Tools\Binn\;C:\Program Files\Microsoft SQL Server\150\DTS\Binn\;C:\php;C:\Program Files\Git\cmd;;C:\Program Files\Docker\Docker\resources\bin;C:\Program Files\Amazon\AWSCLIV2\;C:\ProgramData\chocolatey\bin;C:\Program Files (x86)\Windows Kits\10\Windows Performance Toolkit\;C:\Program Files\nodejs\;C:\Users\Admin\AppData\Local\Programs\Python\Python312\Scripts\;C:\Users\Admin\AppData\Local\Programs\Python\Python312\;C:\Program Files\MySQL\MySQL Shell 8.0\bin\;C:\Users\Admin\AppData\Local\Programs\Python\Python311\Scripts\;C:\Users\Admin\AppData\Local\Programs\Python\Python311\;C:\Program Files\Common Files\Oracle\Java\javapath;C:\Windows\system32;C:\Windows;C:\Windows\System32\Wbem;C:\Windows\System32\WindowsPowerShell\v1.0\;C:\Windows\System32\OpenSSH\;C:\Program Files\Java\jdk-18.0.2.1\bin;C:\Program Files\Microsoft SQL Server\Client SDK\ODBC\170\Tools\Binn\;C:\Program Files (x86)\Microsoft SQL Server\150\Tools\Binn\;C:\Program Files\Microsoft SQL Server\150\Tools\Binn\;C:\Program Files\Microsoft SQL Server\150\DTS\Binn\;C:\Program Files (x86)\Microsoft SQL Server\150\DTS\Binn\;C:\Program Files\Git\cmd;C:\Users\Admin\Desktop\Scripts\;C:\Users\Admin\Desktop\;C:\Users\Admin\AppData\Local\Microsoft\WindowsApps;C:\Program Files\Azure Data Studio\bin;C:\Program Files\JetBrains\IntelliJ IDEA 2022.3\bin;C:\Users\Admin\AppData\Local\Programs\Python\Python311\Scripts;C:\php;C:\Program Files\apache-maven-3.9.3\bin;D:\Microsoft V;C:\Program Files\JetBrains\WebStorm 2024.3.1\bin;;C:\Users\Admin\AppData\Roaming\npm
USERNAME=Admin
OS=Windows_NT
PROCESSOR_IDENTIFIER=AMD64 Family 23 Model 104 Stepping 1, AuthenticAMD



---------------  S Y S T E M  ---------------

OS:
 Windows 11 , 64 bit Build 22000 (10.0.22000.1516)
OS uptime: 0 days 12:53 hours
Hyper-V role detected

CPU: total 16 (initial active 16) (16 cores per cpu, 2 threads per core) family 23 model 104 stepping 1 microcode 0x0, cx8, cmov, fxsr, ht, mmx, 3dnowpref, sse, sse2, sse3, ssse3, sse4a, sse4.1, sse4.2, popcnt, lzcnt, tsc, tscinvbit, avx, avx2, aes, clmul, bmi1, bmi2, adx, sha, fma, vzeroupper, clflush, clflushopt, hv

Memory: 4k page, system-wide physical 7488M (690M free)
TotalPageFile size 20295M (AvailPageFile size 1M)
current process WorkingSet (physical memory assigned to process): 99M, peak: 99M
current process commit charge ("private bytes"): 234M, peak: 234M

vm_info: Java HotSpot(TM) 64-Bit Server VM (18.0.2.1+1-1) for windows-amd64 JRE (18.0.2.1+1-1), built on Aug 16 2022 01:46:33 by "mach5one" with MS VC++ 16.8 / 16.9 (VS2019)

END.
