#
# There is insufficient memory for the Java Runtime Environment to continue.
# Native memory allocation (mmap) failed to map 65536 bytes for Failed to commit metaspace.
# Possible reasons:
#   The system is out of physical RAM or swap space
#   The process is running with CompressedOops enabled, and the Java Heap may be blocking the growth of the native heap
# Possible solutions:
#   Reduce memory load on the system
#   Increase physical memory or swap space
#   Check if swap backing store is full
#   Decrease Java heap size (-Xmx/-Xms)
#   Decrease number of Java threads
#   Decrease Java thread stack sizes (-Xss)
#   Set larger code cache with -XX:ReservedCodeCacheSize=
#   JVM is running with Unscaled Compressed Oops mode in which the Java heap is
#     placed in the first 4GB address space. The Java Heap base address is the
#     maximum limit for the native heap growth. Please use -XX:HeapBaseMinAddress
#     to set the Java Heap base and to place the Java Heap above 4GB virtual address.
# This output file may be truncated or incomplete.
#
#  Out of Memory Error (virtualSpaceNode.cpp:110), pid=20440, tid=9740
#
# JRE version: Java(TM) SE Runtime Environment (18.0.2.1+1) (build 18.0.2.1+1-1)
# Java VM: Java HotSpot(TM) 64-Bit Server VM (18.0.2.1+1-1, mixed mode, emulated-client, sharing, tiered, compressed oops, compressed class ptrs, g1 gc, windows-amd64)
# No core dump will be written. Minidumps are not enabled by default on client versions of Windows
#

---------------  S U M M A R Y ------------

Command Line: -XX:TieredStopAtLevel=1 -Dspring.output.ansi.enabled=always -Dcom.sun.management.jmxremote -Dspring.jmx.enabled=true -Dspring.liveBeansView.mbeanDomain -Dspring.application.admin.enabled=true -Dmanagement.endpoints.jmx.exposure.include=* -javaagent:C:\Program Files\JetBrains\IntelliJ IDEA 2022.3\lib\idea_rt.jar=58082:C:\Program Files\JetBrains\IntelliJ IDEA 2022.3\bin -Dfile.encoding=UTF-8 -Dsun.stdout.encoding=UTF-8 -Dsun.stderr.encoding=UTF-8 com.test_task.table.TableApplication

Host: AMD Ryzen 7 5700U with Radeon Graphics         , 16 cores, 7G,  Windows 11 , 64 bit Build 22000 (10.0.22000.1516)
Time: Wed Dec 18 11:20:10 2024  Windows 11 , 64 bit Build 22000 (10.0.22000.1516) elapsed time: 13.785708 seconds (0d 0h 0m 13s)

---------------  T H R E A D  ---------------

Current thread (0x000001889aacbbf0):  JavaThread "main" [_thread_in_vm, id=9740, stack(0x0000007bac200000,0x0000007bac300000)]

Stack: [0x0000007bac200000,0x0000007bac300000]
Native frames: (J=compiled Java code, j=interpreted, Vv=VM code, C=native code)
V  [jvm.dll+0x6993aa]
V  [jvm.dll+0x7f46dd]
V  [jvm.dll+0x7f5fee]
V  [jvm.dll+0x7f66a3]
V  [jvm.dll+0x25cf1f]
V  [jvm.dll+0x7f03eb]
V  [jvm.dll+0x63f526]
V  [jvm.dll+0x1d75ce]
V  [jvm.dll+0x641ecb]
V  [jvm.dll+0x641cce]
V  [jvm.dll+0x63feee]
V  [jvm.dll+0x25169f]
V  [jvm.dll+0x64a525]
V  [jvm.dll+0x202961]
V  [jvm.dll+0x202e95]
V  [jvm.dll+0x2038cf]
V  [jvm.dll+0x1f8d61]
V  [jvm.dll+0x55dc05]
V  [jvm.dll+0x76e943]
V  [jvm.dll+0x76ea24]
V  [jvm.dll+0x42d7b4]
V  [jvm.dll+0x4334bf]
C  [java.dll+0x17ec]

Java frames: (J=compiled Java code, j=interpreted, Vv=VM code)
J 1264  java.lang.ClassLoader.defineClass1(Ljava/lang/ClassLoader;Ljava/lang/String;[BIILjava/security/ProtectionDomain;Ljava/lang/String;)Ljava/lang/Class; java.base@18.0.2.1 (0 bytes) @ 0x00000188a27d68e3 [0x00000188a27d6820+0x00000000000000c3]
J 1305 c1 java.lang.ClassLoader.defineClass(Ljava/lang/String;[BIILjava/security/ProtectionDomain;)Ljava/lang/Class; java.base@18.0.2.1 (43 bytes) @ 0x00000188a27ebfdc [0x00000188a27ebee0+0x00000000000000fc]
J 1295 c1 jdk.internal.loader.BuiltinClassLoader.defineClass(Ljava/lang/String;Ljdk/internal/loader/Resource;)Ljava/lang/Class; java.base@18.0.2.1 (121 bytes) @ 0x00000188a27e73e4 [0x00000188a27e6f20+0x00000000000004c4]
J 1280 c1 jdk.internal.loader.BuiltinClassLoader.findClassOnClassPathOrNull(Ljava/lang/String;)Ljava/lang/Class; java.base@18.0.2.1 (64 bytes) @ 0x00000188a27e08d4 [0x00000188a27e0640+0x0000000000000294]
J 1032 c1 jdk.internal.loader.BuiltinClassLoader.loadClassOrNull(Ljava/lang/String;Z)Ljava/lang/Class; java.base@18.0.2.1 (143 bytes) @ 0x00000188a277da0c [0x00000188a277d660+0x00000000000003ac]
J 1209 c1 jdk.internal.loader.ClassLoaders$AppClassLoader.loadClass(Ljava/lang/String;Z)Ljava/lang/Class; java.base@18.0.2.1 (40 bytes) @ 0x00000188a27c3f7c [0x00000188a27c3f40+0x000000000000003c]
J 1197 c1 java.lang.ClassLoader.loadClass(Ljava/lang/String;)Ljava/lang/Class; java.base@18.0.2.1 (7 bytes) @ 0x00000188a27c07e4 [0x00000188a27c07a0+0x0000000000000044]
v  ~StubRoutines::call_stub
J 1264  java.lang.ClassLoader.defineClass1(Ljava/lang/ClassLoader;Ljava/lang/String;[BIILjava/security/ProtectionDomain;Ljava/lang/String;)Ljava/lang/Class; java.base@18.0.2.1 (0 bytes) @ 0x00000188a27d68e3 [0x00000188a27d6820+0x00000000000000c3]
J 1305 c1 java.lang.ClassLoader.defineClass(Ljava/lang/String;[BIILjava/security/ProtectionDomain;)Ljava/lang/Class; java.base@18.0.2.1 (43 bytes) @ 0x00000188a27ebfdc [0x00000188a27ebee0+0x00000000000000fc]
J 1295 c1 jdk.internal.loader.BuiltinClassLoader.defineClass(Ljava/lang/String;Ljdk/internal/loader/Resource;)Ljava/lang/Class; java.base@18.0.2.1 (121 bytes) @ 0x00000188a27e73e4 [0x00000188a27e6f20+0x00000000000004c4]
J 1280 c1 jdk.internal.loader.BuiltinClassLoader.findClassOnClassPathOrNull(Ljava/lang/String;)Ljava/lang/Class; java.base@18.0.2.1 (64 bytes) @ 0x00000188a27e08d4 [0x00000188a27e0640+0x0000000000000294]
J 1032 c1 jdk.internal.loader.BuiltinClassLoader.loadClassOrNull(Ljava/lang/String;Z)Ljava/lang/Class; java.base@18.0.2.1 (143 bytes) @ 0x00000188a277da0c [0x00000188a277d660+0x00000000000003ac]
J 1209 c1 jdk.internal.loader.ClassLoaders$AppClassLoader.loadClass(Ljava/lang/String;Z)Ljava/lang/Class; java.base@18.0.2.1 (40 bytes) @ 0x00000188a27c3f7c [0x00000188a27c3f40+0x000000000000003c]
J 1197 c1 java.lang.ClassLoader.loadClass(Ljava/lang/String;)Ljava/lang/Class; java.base@18.0.2.1 (7 bytes) @ 0x00000188a27c07e4 [0x00000188a27c07a0+0x0000000000000044]
v  ~StubRoutines::call_stub
J 1264  java.lang.ClassLoader.defineClass1(Ljava/lang/ClassLoader;Ljava/lang/String;[BIILjava/security/ProtectionDomain;Ljava/lang/String;)Ljava/lang/Class; java.base@18.0.2.1 (0 bytes) @ 0x00000188a27d68e3 [0x00000188a27d6820+0x00000000000000c3]
J 1305 c1 java.lang.ClassLoader.defineClass(Ljava/lang/String;[BIILjava/security/ProtectionDomain;)Ljava/lang/Class; java.base@18.0.2.1 (43 bytes) @ 0x00000188a27ebfdc [0x00000188a27ebee0+0x00000000000000fc]
J 1295 c1 jdk.internal.loader.BuiltinClassLoader.defineClass(Ljava/lang/String;Ljdk/internal/loader/Resource;)Ljava/lang/Class; java.base@18.0.2.1 (121 bytes) @ 0x00000188a27e73e4 [0x00000188a27e6f20+0x00000000000004c4]
J 1280 c1 jdk.internal.loader.BuiltinClassLoader.findClassOnClassPathOrNull(Ljava/lang/String;)Ljava/lang/Class; java.base@18.0.2.1 (64 bytes) @ 0x00000188a27e08d4 [0x00000188a27e0640+0x0000000000000294]
J 1032 c1 jdk.internal.loader.BuiltinClassLoader.loadClassOrNull(Ljava/lang/String;Z)Ljava/lang/Class; java.base@18.0.2.1 (143 bytes) @ 0x00000188a277da0c [0x00000188a277d660+0x00000000000003ac]
J 1209 c1 jdk.internal.loader.ClassLoaders$AppClassLoader.loadClass(Ljava/lang/String;Z)Ljava/lang/Class; java.base@18.0.2.1 (40 bytes) @ 0x00000188a27c3f7c [0x00000188a27c3f40+0x000000000000003c]
J 1197 c1 java.lang.ClassLoader.loadClass(Ljava/lang/String;)Ljava/lang/Class; java.base@18.0.2.1 (7 bytes) @ 0x00000188a27c07e4 [0x00000188a27c07a0+0x0000000000000044]
v  ~StubRoutines::call_stub
J 1264  java.lang.ClassLoader.defineClass1(Ljava/lang/ClassLoader;Ljava/lang/String;[BIILjava/security/ProtectionDomain;Ljava/lang/String;)Ljava/lang/Class; java.base@18.0.2.1 (0 bytes) @ 0x00000188a27d68e3 [0x00000188a27d6820+0x00000000000000c3]
J 1305 c1 java.lang.ClassLoader.defineClass(Ljava/lang/String;[BIILjava/security/ProtectionDomain;)Ljava/lang/Class; java.base@18.0.2.1 (43 bytes) @ 0x00000188a27ebfdc [0x00000188a27ebee0+0x00000000000000fc]
J 1295 c1 jdk.internal.loader.BuiltinClassLoader.defineClass(Ljava/lang/String;Ljdk/internal/loader/Resource;)Ljava/lang/Class; java.base@18.0.2.1 (121 bytes) @ 0x00000188a27e73e4 [0x00000188a27e6f20+0x00000000000004c4]
J 1280 c1 jdk.internal.loader.BuiltinClassLoader.findClassOnClassPathOrNull(Ljava/lang/String;)Ljava/lang/Class; java.base@18.0.2.1 (64 bytes) @ 0x00000188a27e08d4 [0x00000188a27e0640+0x0000000000000294]
J 1032 c1 jdk.internal.loader.BuiltinClassLoader.loadClassOrNull(Ljava/lang/String;Z)Ljava/lang/Class; java.base@18.0.2.1 (143 bytes) @ 0x00000188a277da0c [0x00000188a277d660+0x00000000000003ac]
J 1209 c1 jdk.internal.loader.ClassLoaders$AppClassLoader.loadClass(Ljava/lang/String;Z)Ljava/lang/Class; java.base@18.0.2.1 (40 bytes) @ 0x00000188a27c3f7c [0x00000188a27c3f40+0x000000000000003c]
J 1197 c1 java.lang.ClassLoader.loadClass(Ljava/lang/String;)Ljava/lang/Class; java.base@18.0.2.1 (7 bytes) @ 0x00000188a27c07e4 [0x00000188a27c07a0+0x0000000000000044]
v  ~StubRoutines::call_stub
J 1264  java.lang.ClassLoader.defineClass1(Ljava/lang/ClassLoader;Ljava/lang/String;[BIILjava/security/ProtectionDomain;Ljava/lang/String;)Ljava/lang/Class; java.base@18.0.2.1 (0 bytes) @ 0x00000188a27d68e3 [0x00000188a27d6820+0x00000000000000c3]
J 1305 c1 java.lang.ClassLoader.defineClass(Ljava/lang/String;[BIILjava/security/ProtectionDomain;)Ljava/lang/Class; java.base@18.0.2.1 (43 bytes) @ 0x00000188a27ebfdc [0x00000188a27ebee0+0x00000000000000fc]
J 1295 c1 jdk.internal.loader.BuiltinClassLoader.defineClass(Ljava/lang/String;Ljdk/internal/loader/Resource;)Ljava/lang/Class; java.base@18.0.2.1 (121 bytes) @ 0x00000188a27e73e4 [0x00000188a27e6f20+0x00000000000004c4]
J 1280 c1 jdk.internal.loader.BuiltinClassLoader.findClassOnClassPathOrNull(Ljava/lang/String;)Ljava/lang/Class; java.base@18.0.2.1 (64 bytes) @ 0x00000188a27e08d4 [0x00000188a27e0640+0x0000000000000294]
J 1032 c1 jdk.internal.loader.BuiltinClassLoader.loadClassOrNull(Ljava/lang/String;Z)Ljava/lang/Class; java.base@18.0.2.1 (143 bytes) @ 0x00000188a277da0c [0x00000188a277d660+0x00000000000003ac]
J 1209 c1 jdk.internal.loader.ClassLoaders$AppClassLoader.loadClass(Ljava/lang/String;Z)Ljava/lang/Class; java.base@18.0.2.1 (40 bytes) @ 0x00000188a27c3f7c [0x00000188a27c3f40+0x000000000000003c]
J 1197 c1 java.lang.ClassLoader.loadClass(Ljava/lang/String;)Ljava/lang/Class; java.base@18.0.2.1 (7 bytes) @ 0x00000188a27c07e4 [0x00000188a27c07a0+0x0000000000000044]
v  ~StubRoutines::call_stub
J 1264  java.lang.ClassLoader.defineClass1(Ljava/lang/ClassLoader;Ljava/lang/String;[BIILjava/security/ProtectionDomain;Ljava/lang/String;)Ljava/lang/Class; java.base@18.0.2.1 (0 bytes) @ 0x00000188a27d68e3 [0x00000188a27d6820+0x00000000000000c3]
J 1305 c1 java.lang.ClassLoader.defineClass(Ljava/lang/String;[BIILjava/security/ProtectionDomain;)Ljava/lang/Class; java.base@18.0.2.1 (43 bytes) @ 0x00000188a27ebfdc [0x00000188a27ebee0+0x00000000000000fc]
J 1295 c1 jdk.internal.loader.BuiltinClassLoader.defineClass(Ljava/lang/String;Ljdk/internal/loader/Resource;)Ljava/lang/Class; java.base@18.0.2.1 (121 bytes) @ 0x00000188a27e73e4 [0x00000188a27e6f20+0x00000000000004c4]
J 1280 c1 jdk.internal.loader.BuiltinClassLoader.findClassOnClassPathOrNull(Ljava/lang/String;)Ljava/lang/Class; java.base@18.0.2.1 (64 bytes) @ 0x00000188a27e08d4 [0x00000188a27e0640+0x0000000000000294]
J 1032 c1 jdk.internal.loader.BuiltinClassLoader.loadClassOrNull(Ljava/lang/String;Z)Ljava/lang/Class; java.base@18.0.2.1 (143 bytes) @ 0x00000188a277da0c [0x00000188a277d660+0x00000000000003ac]
J 1209 c1 jdk.internal.loader.ClassLoaders$AppClassLoader.loadClass(Ljava/lang/String;Z)Ljava/lang/Class; java.base@18.0.2.1 (40 bytes) @ 0x00000188a27c3f7c [0x00000188a27c3f40+0x000000000000003c]
J 1197 c1 java.lang.ClassLoader.loadClass(Ljava/lang/String;)Ljava/lang/Class; java.base@18.0.2.1 (7 bytes) @ 0x00000188a27c07e4 [0x00000188a27c07a0+0x0000000000000044]
v  ~StubRoutines::call_stub
j  org.hibernate.query.internal.QueryEngineImpl.<init>(Lorg/hibernate/engine/spi/SessionFactoryImplementor;Lorg/hibernate/type/spi/TypeConfiguration;Lorg/hibernate/query/hql/HqlTranslator;Lorg/hibernate/query/sqm/sql/SqmTranslatorFactory;Lorg/hibernate/query/sqm/function/SqmFunctionRegistry;Lorg/hibernate/query/named/NamedObjectRepository;Lorg/hibernate/query/spi/QueryInterpretationCache;Lorg/hibernate/engine/query/spi/NativeQueryInterpreter;)V+53
j  org.hibernate.query.internal.QueryEngineImpl.from(Lorg/hibernate/engine/spi/SessionFactoryImplementor;Lorg/hibernate/boot/spi/MetadataImplementor;)Lorg/hibernate/query/spi/QueryEngine;+99
j  org.hibernate.internal.SessionFactoryImpl.<init>(Lorg/hibernate/boot/spi/MetadataImplementor;Lorg/hibernate/boot/spi/SessionFactoryOptions;Lorg/hibernate/boot/spi/BootstrapContext;)V+538
j  org.hibernate.boot.internal.SessionFactoryBuilderImpl.build()Lorg/hibernate/SessionFactory;+16
j  org.hibernate.jpa.boot.internal.EntityManagerFactoryBuilderImpl.build()Ljakarta/persistence/EntityManagerFactory;+22
j  org.springframework.orm.jpa.vendor.SpringHibernateJpaPersistenceProvider.createContainerEntityManagerFactory(Ljakarta/persistence/spi/PersistenceUnitInfo;Ljava/util/Map;)Ljakarta/persistence/EntityManagerFactory;+59
j  org.springframework.orm.jpa.LocalContainerEntityManagerFactoryBean.createNativeEntityManagerFactory()Ljakarta/persistence/EntityManagerFactory;+111
j  org.springframework.orm.jpa.AbstractEntityManagerFactoryBean.buildNativeEntityManagerFactory()Ljakarta/persistence/EntityManagerFactory;+1
j  org.springframework.orm.jpa.AbstractEntityManagerFactoryBean.afterPropertiesSet()V+192
j  org.springframework.orm.jpa.LocalContainerEntityManagerFactoryBean.afterPropertiesSet()V+81
j  org.springframework.beans.factory.support.AbstractAutowireCapableBeanFactory.invokeInitMethods(Ljava/lang/String;Ljava/lang/Object;Lorg/springframework/beans/factory/support/RootBeanDefinition;)V+56
j  org.springframework.beans.factory.support.AbstractAutowireCapableBeanFactory.initializeBean(Ljava/lang/String;Ljava/lang/Object;Lorg/springframework/beans/factory/support/RootBeanDefinition;)Ljava/lang/Object;+34
j  org.springframework.beans.factory.support.AbstractAutowireCapableBeanFactory.doCreateBean(Ljava/lang/String;Lorg/springframework/beans/factory/support/RootBeanDefinition;[Ljava/lang/Object;)Ljava/lang/Object;+228
j  org.springframework.beans.factory.support.AbstractAutowireCapableBeanFactory.createBean(Ljava/lang/String;Lorg/springframework/beans/factory/support/RootBeanDefinition;[Ljava/lang/Object;)Ljava/lang/Object;+153
j  org.springframework.beans.factory.support.AbstractBeanFactory.lambda$doGetBean$0(Ljava/lang/String;Lorg/springframework/beans/factory/support/RootBeanDefinition;[Ljava/lang/Object;)Ljava/lang/Object;+4
j  org.springframework.beans.factory.support.AbstractBeanFactory$$Lambda$356+0x0000000800e27998.getObject()Ljava/lang/Object;+16
j  org.springframework.beans.factory.support.DefaultSingletonBeanRegistry.getSingleton(Ljava/lang/String;Lorg/springframework/beans/factory/ObjectFactory;)Ljava/lang/Object;+268
J 2774 c1 org.springframework.beans.factory.support.AbstractBeanFactory.doGetBean(Ljava/lang/String;Ljava/lang/Class;[Ljava/lang/Object;Z)Ljava/lang/Object; (787 bytes) @ 0x00000188a2a343dc [0x00000188a2a33e00+0x00000000000005dc]
J 2778 c1 org.springframework.beans.factory.support.AbstractBeanFactory.getBean(Ljava/lang/String;Ljava/lang/Class;)Ljava/lang/Object; (9 bytes) @ 0x00000188a2a31f64 [0x00000188a2a31f20+0x0000000000000044]
j  org.springframework.context.support.AbstractApplicationContext.finishBeanFactoryInitialization(Lorg/springframework/beans/factory/config/ConfigurableListableBeanFactory;)V+220
j  org.springframework.context.support.AbstractApplicationContext.refresh()V+94
j  org.springframework.boot.web.servlet.context.ServletWebServerApplicationContext.refresh()V+1
j  org.springframework.boot.SpringApplication.refresh(Lorg/springframework/context/ConfigurableApplicationContext;)V+1
j  org.springframework.boot.SpringApplication.refreshContext(Lorg/springframework/context/ConfigurableApplicationContext;)V+19
j  org.springframework.boot.SpringApplication.run([Ljava/lang/String;)Lorg/springframework/context/ConfigurableApplicationContext;+113
j  org.springframework.boot.SpringApplication.run([Ljava/lang/Class;[Ljava/lang/String;)Lorg/springframework/context/ConfigurableApplicationContext;+9
j  org.springframework.boot.SpringApplication.run(Ljava/lang/Class;[Ljava/lang/String;)Lorg/springframework/context/ConfigurableApplicationContext;+9
j  com.test_task.table.TableApplication.main([Ljava/lang/String;)V+3
v  ~StubRoutines::call_stub

---------------  P R O C E S S  ---------------

Threads class SMR info:
_java_thread_list=0x00000188b2f35610, length=23, elements={
0x000001889aacbbf0, 0x00000188ad024ee0, 0x00000188ad025880, 0x00000188ad03d620,
0x00000188ad03ded0, 0x00000188ad03e780, 0x00000188ad03f120, 0x00000188ad03fac0,
0x00000188ad0424b0, 0x00000188ad00d540, 0x00000188ad00de10, 0x00000188b146cfe0,
0x00000188b182d2b0, 0x00000188b182d770, 0x00000188b19bec20, 0x00000188b1bce7b0,
0x00000188b1be4680, 0x00000188b1eba6c0, 0x00000188b1ebab90, 0x00000188b1ebb530,
0x00000188b1c3df10, 0x00000188b1c3b3c0, 0x00000188b1c3e3e0
}

Java Threads: ( => current thread )
=>0x000001889aacbbf0 JavaThread "main" [_thread_in_vm, id=9740, stack(0x0000007bac200000,0x0000007bac300000)]
  0x00000188ad024ee0 JavaThread "Reference Handler" daemon [_thread_blocked, id=21480, stack(0x0000007bac900000,0x0000007baca00000)]
  0x00000188ad025880 JavaThread "Finalizer" daemon [_thread_blocked, id=18908, stack(0x0000007baca00000,0x0000007bacb00000)]
  0x00000188ad03d620 JavaThread "Signal Dispatcher" daemon [_thread_blocked, id=16940, stack(0x0000007bacb00000,0x0000007bacc00000)]
  0x00000188ad03ded0 JavaThread "Attach Listener" daemon [_thread_blocked, id=18332, stack(0x0000007bacc00000,0x0000007bacd00000)]
  0x00000188ad03e780 JavaThread "Service Thread" daemon [_thread_blocked, id=11164, stack(0x0000007bacd00000,0x0000007bace00000)]
  0x00000188ad03f120 JavaThread "Monitor Deflation Thread" daemon [_thread_blocked, id=19376, stack(0x0000007bace00000,0x0000007bacf00000)]
  0x00000188ad03fac0 JavaThread "C1 CompilerThread0" daemon [_thread_blocked, id=1392, stack(0x0000007bacf00000,0x0000007bad000000)]
  0x00000188ad0424b0 JavaThread "Sweeper thread" daemon [_thread_blocked, id=17600, stack(0x0000007bad000000,0x0000007bad100000)]
  0x00000188ad00d540 JavaThread "Common-Cleaner" daemon [_thread_blocked, id=20280, stack(0x0000007bad100000,0x0000007bad200000)]
  0x00000188ad00de10 JavaThread "C1 CompilerThread1" daemon [_thread_blocked, id=21492, stack(0x0000007bad200000,0x0000007bad300000)]
  0x00000188b146cfe0 JavaThread "C1 CompilerThread2" daemon [_thread_blocked, id=4016, stack(0x0000007bad300000,0x0000007bad400000)]
  0x00000188b182d2b0 JavaThread "Monitor Ctrl-Break" daemon [_thread_in_native, id=20604, stack(0x0000007bad400000,0x0000007bad500000)]
  0x00000188b182d770 JavaThread "Notification Thread" daemon [_thread_blocked, id=20384, stack(0x0000007bad500000,0x0000007bad600000)]
  0x00000188b19bec20 JavaThread "RMI TCP Accept-0" daemon [_thread_in_native, id=6760, stack(0x0000007bad600000,0x0000007bad700000)]
  0x00000188b1bce7b0 JavaThread "RMI TCP Connection(1)-10.10.10.100" daemon [_thread_in_native, id=4568, stack(0x0000007bad800000,0x0000007bad900000)]
  0x00000188b1be4680 JavaThread "RMI Scheduler(0)" daemon [_thread_blocked, id=1168, stack(0x0000007bad900000,0x0000007bada00000)]
  0x00000188b1eba6c0 JavaThread "Catalina-utility-1" [_thread_blocked, id=12276, stack(0x0000007bae300000,0x0000007bae400000)]
  0x00000188b1ebab90 JavaThread "Catalina-utility-2" [_thread_blocked, id=12424, stack(0x0000007bae900000,0x0000007baea00000)]
  0x00000188b1ebb530 JavaThread "container-0" [_thread_blocked, id=4076, stack(0x0000007baea00000,0x0000007baeb00000)]
  0x00000188b1c3df10 JavaThread "PostgreSQL-JDBC-Cleaner" daemon [_thread_blocked, id=7388, stack(0x0000007baeb00000,0x0000007baec00000)]
  0x00000188b1c3b3c0 JavaThread "HikariPool-1 housekeeper" daemon [_thread_blocked, id=17832, stack(0x0000007baed00000,0x0000007baee00000)]
  0x00000188b1c3e3e0 JavaThread "HikariPool-1 connection adder" daemon [_thread_blocked, id=13164, stack(0x0000007baee00000,0x0000007baef00000)]

Other Threads:
  0x000001889ab457d0 VMThread "VM Thread" [stack: 0x0000007bac800000,0x0000007bac900000] [id=13496]
  0x00000188b19a0490 WatcherThread "VM Periodic Task Thread" [stack: 0x0000007bad700000,0x0000007bad800000] [id=19944]
  0x000001889ab25c10 WorkerThread "GC Thread#0" [stack: 0x0000007bac300000,0x0000007bac400000] [id=16200]
  0x00000188b1e30330 WorkerThread "GC Thread#1" [stack: 0x0000007bada00000,0x0000007badb00000] [id=17804]
  0x00000188b1db3c40 WorkerThread "GC Thread#2" [stack: 0x0000007badb00000,0x0000007badc00000] [id=17468]
  0x00000188b1dbb770 WorkerThread "GC Thread#3" [stack: 0x0000007badc00000,0x0000007badd00000] [id=6712]
  0x00000188b1d6fa80 WorkerThread "GC Thread#4" [stack: 0x0000007badd00000,0x0000007bade00000] [id=20220]
  0x00000188b1e7ffa0 WorkerThread "GC Thread#5" [stack: 0x0000007bade00000,0x0000007badf00000] [id=5988]
  0x00000188b1e80650 WorkerThread "GC Thread#6" [stack: 0x0000007badf00000,0x0000007bae000000] [id=16196]
  0x00000188b1e808f0 WorkerThread "GC Thread#7" [stack: 0x0000007bae000000,0x0000007bae100000] [id=11188]
  0x00000188b1e81010 WorkerThread "GC Thread#8" [stack: 0x0000007bae100000,0x0000007bae200000] [id=11096]
  0x00000188b1e814c0 WorkerThread "GC Thread#9" [stack: 0x0000007bae200000,0x0000007bae300000] [id=18068]
  0x00000188b2452f20 WorkerThread "GC Thread#10" [stack: 0x0000007bae400000,0x0000007bae500000] [id=7952]
  0x00000188b24b1f30 WorkerThread "GC Thread#11" [stack: 0x0000007bae500000,0x0000007bae600000] [id=12592]
  0x00000188b24b27e0 WorkerThread "GC Thread#12" [stack: 0x0000007bae600000,0x0000007bae700000] [id=7540]
  0x000001889ab35580 ConcurrentGCThread "G1 Main Marker" [stack: 0x0000007bac400000,0x0000007bac500000] [id=10844]
  0x000001889ab360d0 WorkerThread "G1 Conc#0" [stack: 0x0000007bac500000,0x0000007bac600000] [id=9708]
  0x00000188b28939d0 WorkerThread "G1 Conc#1" [stack: 0x0000007bae700000,0x0000007bae800000] [id=18624]
  0x00000188b28931f0 WorkerThread "G1 Conc#2" [stack: 0x0000007bae800000,0x0000007bae900000] [id=18380]
  0x000001889ab7e5f0 ConcurrentGCThread "G1 Refine#0" [stack: 0x0000007bac600000,0x0000007bac700000] [id=9556]
  0x00000188b1faa2f0 ConcurrentGCThread "G1 Refine#1" [stack: 0x0000007baef00000,0x0000007baf000000] [id=13072]
  0x00000188acede160 ConcurrentGCThread "G1 Service" [stack: 0x0000007bac700000,0x0000007bac800000] [id=996]

Threads with active compile tasks:

VM state: not at safepoint (normal execution)

VM Mutex/Monitor currently owned by a thread:  ([mutex/lock_event])
[0x000001889aab37b0] Metaspace_lock - owner thread: 0x000001889aacbbf0

Heap address: 0x000000008ae00000, size: 1874 MB, Compressed Oops mode: 32-bit

CDS archive(s) mapped at: [0x0000000800000000-0x0000000800ba0000-0x0000000800ba0000), size 12189696, SharedBaseAddress: 0x0000000800000000, ArchiveRelocationMode: 0.
Compressed class space mapped at: 0x0000000800c00000-0x0000000840c00000, reserved size: 1073741824
Narrow klass base: 0x0000000800000000, Narrow klass shift: 0, Narrow klass range: 0x100000000

GC Precious Log:
 CardTable entry size: 512
 Card Set container configuration: InlinePtr #cards 5 size 8 Array Of Cards #cards 12 size 40 Howl #buckets 4 coarsen threshold 1843 Howl Bitmap #cards 512 size 80 coarsen threshold 460 Card regions per heap region 1 cards per card region 2048
 CPUs: 16 total, 16 available
 Memory: 7488M
 Large Page Support: Disabled
 NUMA Support: Disabled
 Compressed Oops: Enabled (32-bit)
 Heap Region Size: 1M
 Heap Min Capacity: 8M
 Heap Initial Capacity: 118M
 Heap Max Capacity: 1874M
 Pre-touch: Disabled
 Parallel Workers: 13
 Concurrent Workers: 3
 Concurrent Refinement Workers: 13
 Periodic GC: Disabled

Heap:
 garbage-first heap   total 70656K, used 44762K [0x000000008ae00000, 0x0000000100000000)
  region size 1024K, 22 young (22528K), 4 survivors (4096K)
 Metaspace       used 55787K, committed 56384K, reserved 1114112K
  class space    used 7636K, committed 7936K, reserved 1048576K

Heap Regions: E=young(eden), S=young(survivor), O=old, HS=humongous(starts), HC=humongous(continues), CS=collection set, F=free, OA=open archive, CA=closed archive, TAMS=top-at-mark-start (previous, next)
|   0|0x000000008ae00000, 0x000000008af00000, 0x000000008af00000|100%|HS|  |TAMS 0x000000008af00000, 0x000000008ae00000| Complete 
|   1|0x000000008af00000, 0x000000008b000000, 0x000000008b000000|100%|HS|  |TAMS 0x000000008b000000, 0x000000008af00000| Complete 
|   2|0x000000008b000000, 0x000000008b100000, 0x000000008b100000|100%| O|  |TAMS 0x000000008b100000, 0x000000008b000000| Untracked 
|   3|0x000000008b100000, 0x000000008b200000, 0x000000008b200000|100%| O|  |TAMS 0x000000008b200000, 0x000000008b100000| Untracked 
|   4|0x000000008b200000, 0x000000008b300000, 0x000000008b300000|100%| O|  |TAMS 0x000000008b300000, 0x000000008b200000| Untracked 
|   5|0x000000008b300000, 0x000000008b400000, 0x000000008b400000|100%| O|  |TAMS 0x000000008b400000, 0x000000008b300000| Untracked 
|   6|0x000000008b400000, 0x000000008b500000, 0x000000008b500000|100%| O|  |TAMS 0x000000008b500000, 0x000000008b400000| Untracked 
|   7|0x000000008b500000, 0x000000008b600000, 0x000000008b600000|100%| O|  |TAMS 0x000000008b600000, 0x000000008b500000| Untracked 
|   8|0x000000008b600000, 0x000000008b700000, 0x000000008b700000|100%| O|  |TAMS 0x000000008b700000, 0x000000008b600000| Untracked 
|   9|0x000000008b700000, 0x000000008b800000, 0x000000008b800000|100%| O|  |TAMS 0x000000008b800000, 0x000000008b700000| Untracked 
|  10|0x000000008b800000, 0x000000008b900000, 0x000000008b900000|100%| O|  |TAMS 0x000000008b900000, 0x000000008b800000| Untracked 
|  11|0x000000008b900000, 0x000000008b905c00, 0x000000008ba00000|  2%| O|  |TAMS 0x000000008b905c00, 0x000000008b900000| Untracked 
|  12|0x000000008ba00000, 0x000000008bb00000, 0x000000008bb00000|100%| O|  |TAMS 0x000000008bb00000, 0x000000008ba00000| Untracked 
|  13|0x000000008bb00000, 0x000000008bc00000, 0x000000008bc00000|100%| O|  |TAMS 0x000000008bc00000, 0x000000008bb00000| Untracked 
|  14|0x000000008bc00000, 0x000000008bd00000, 0x000000008bd00000|100%| O|  |TAMS 0x000000008bd00000, 0x000000008bc00000| Untracked 
|  15|0x000000008bd00000, 0x000000008be00000, 0x000000008be00000|100%| O|  |TAMS 0x000000008be00000, 0x000000008bd00000| Untracked 
|  16|0x000000008be00000, 0x000000008bf00000, 0x000000008bf00000|100%| O|  |TAMS 0x000000008bf00000, 0x000000008be00000| Untracked 
|  17|0x000000008bf00000, 0x000000008c000000, 0x000000008c000000|100%| O|  |TAMS 0x000000008c000000, 0x000000008bf00000| Untracked 
|  18|0x000000008c000000, 0x000000008c100000, 0x000000008c100000|100%| O|  |TAMS 0x000000008c100000, 0x000000008c000000| Untracked 
|  19|0x000000008c100000, 0x000000008c200000, 0x000000008c200000|100%| O|  |TAMS 0x000000008c200000, 0x000000008c100000| Untracked 
|  20|0x000000008c200000, 0x000000008c300000, 0x000000008c300000|100%| O|  |TAMS 0x000000008c200000, 0x000000008c200000| Untracked 
|  21|0x000000008c300000, 0x000000008c400000, 0x000000008c400000|100%| O|  |TAMS 0x000000008c300000, 0x000000008c300000| Untracked 
|  22|0x000000008c400000, 0x000000008c500000, 0x000000008c500000|100%| O|  |TAMS 0x000000008c400000, 0x000000008c400000| Untracked 
|  23|0x000000008c500000, 0x000000008c600000, 0x000000008c600000|100%| O|  |TAMS 0x000000008c500000, 0x000000008c500000| Untracked 
|  24|0x000000008c600000, 0x000000008c700000, 0x000000008c700000|100%| O|  |TAMS 0x000000008c600000, 0x000000008c600000| Untracked 
|  25|0x000000008c700000, 0x000000008c796000, 0x000000008c800000| 58%| O|  |TAMS 0x000000008c700000, 0x000000008c700000| Untracked 
|  26|0x000000008c800000, 0x000000008c800000, 0x000000008c900000|  0%| F|  |TAMS 0x000000008c800000, 0x000000008c800000| Untracked 
|  27|0x000000008c900000, 0x000000008c900000, 0x000000008ca00000|  0%| F|  |TAMS 0x000000008c900000, 0x000000008c900000| Untracked 
|  28|0x000000008ca00000, 0x000000008ca00000, 0x000000008cb00000|  0%| F|  |TAMS 0x000000008ca00000, 0x000000008ca00000| Untracked 
|  29|0x000000008cb00000, 0x000000008cb00000, 0x000000008cc00000|  0%| F|  |TAMS 0x000000008cb00000, 0x000000008cb00000| Untracked 
|  30|0x000000008cc00000, 0x000000008cc00000, 0x000000008cd00000|  0%| F|  |TAMS 0x000000008cc00000, 0x000000008cc00000| Untracked 
|  31|0x000000008cd00000, 0x000000008cd00000, 0x000000008ce00000|  0%| F|  |TAMS 0x000000008cd00000, 0x000000008cd00000| Untracked 
|  32|0x000000008ce00000, 0x000000008ce00000, 0x000000008cf00000|  0%| F|  |TAMS 0x000000008ce00000, 0x000000008ce00000| Untracked 
|  33|0x000000008cf00000, 0x000000008cf00000, 0x000000008d000000|  0%| F|  |TAMS 0x000000008cf00000, 0x000000008cf00000| Untracked 
|  34|0x000000008d000000, 0x000000008d000000, 0x000000008d100000|  0%| F|  |TAMS 0x000000008d000000, 0x000000008d000000| Untracked 
|  35|0x000000008d100000, 0x000000008d100000, 0x000000008d200000|  0%| F|  |TAMS 0x000000008d100000, 0x000000008d100000| Untracked 
|  36|0x000000008d200000, 0x000000008d21ae10, 0x000000008d300000| 10%| S|CS|TAMS 0x000000008d200000, 0x000000008d200000| Complete 
|  37|0x000000008d300000, 0x000000008d400000, 0x000000008d400000|100%| S|CS|TAMS 0x000000008d300000, 0x000000008d300000| Complete 
|  38|0x000000008d400000, 0x000000008d500000, 0x000000008d500000|100%| S|CS|TAMS 0x000000008d400000, 0x000000008d400000| Complete 
|  39|0x000000008d500000, 0x000000008d600000, 0x000000008d600000|100%| S|CS|TAMS 0x000000008d500000, 0x000000008d500000| Complete 
|  40|0x000000008d600000, 0x000000008d600000, 0x000000008d700000|  0%| F|  |TAMS 0x000000008d600000, 0x000000008d600000| Untracked 
|  41|0x000000008d700000, 0x000000008d700000, 0x000000008d800000|  0%| F|  |TAMS 0x000000008d700000, 0x000000008d700000| Untracked 
|  42|0x000000008d800000, 0x000000008d800000, 0x000000008d900000|  0%| F|  |TAMS 0x000000008d800000, 0x000000008d800000| Untracked 
|  43|0x000000008d900000, 0x000000008d900000, 0x000000008da00000|  0%| F|  |TAMS 0x000000008d900000, 0x000000008d900000| Untracked 
|  44|0x000000008da00000, 0x000000008da00000, 0x000000008db00000|  0%| F|  |TAMS 0x000000008da00000, 0x000000008da00000| Untracked 
|  45|0x000000008db00000, 0x000000008db00000, 0x000000008dc00000|  0%| F|  |TAMS 0x000000008db00000, 0x000000008db00000| Untracked 
|  46|0x000000008dc00000, 0x000000008dc00000, 0x000000008dd00000|  0%| F|  |TAMS 0x000000008dc00000, 0x000000008dc00000| Untracked 
|  47|0x000000008dd00000, 0x000000008dd00000, 0x000000008de00000|  0%| F|  |TAMS 0x000000008dd00000, 0x000000008dd00000| Untracked 
|  48|0x000000008de00000, 0x000000008de00000, 0x000000008df00000|  0%| F|  |TAMS 0x000000008de00000, 0x000000008de00000| Untracked 
|  49|0x000000008df00000, 0x000000008df00000, 0x000000008e000000|  0%| F|  |TAMS 0x000000008df00000, 0x000000008df00000| Untracked 
|  50|0x000000008e000000, 0x000000008e000000, 0x000000008e100000|  0%| F|  |TAMS 0x000000008e000000, 0x000000008e000000| Untracked 
|  51|0x000000008e100000, 0x000000008e200000, 0x000000008e200000|100%| E|  |TAMS 0x000000008e100000, 0x000000008e100000| Complete 
|  52|0x000000008e200000, 0x000000008e300000, 0x000000008e300000|100%| E|  |TAMS 0x000000008e200000, 0x000000008e200000| Complete 
|  53|0x000000008e300000, 0x000000008e400000, 0x000000008e400000|100%| E|CS|TAMS 0x000000008e300000, 0x000000008e300000| Complete 
|  54|0x000000008e400000, 0x000000008e500000, 0x000000008e500000|100%| E|CS|TAMS 0x000000008e400000, 0x000000008e400000| Complete 
|  55|0x000000008e500000, 0x000000008e600000, 0x000000008e600000|100%| E|CS|TAMS 0x000000008e500000, 0x000000008e500000| Complete 
|  56|0x000000008e600000, 0x000000008e700000, 0x000000008e700000|100%| E|CS|TAMS 0x000000008e600000, 0x000000008e600000| Complete 
|  57|0x000000008e700000, 0x000000008e800000, 0x000000008e800000|100%| E|CS|TAMS 0x000000008e700000, 0x000000008e700000| Complete 
|  58|0x000000008e800000, 0x000000008e900000, 0x000000008e900000|100%| E|CS|TAMS 0x000000008e800000, 0x000000008e800000| Complete 
|  59|0x000000008e900000, 0x000000008ea00000, 0x000000008ea00000|100%| E|CS|TAMS 0x000000008e900000, 0x000000008e900000| Complete 
|  60|0x000000008ea00000, 0x000000008eb00000, 0x000000008eb00000|100%| E|CS|TAMS 0x000000008ea00000, 0x000000008ea00000| Complete 
|  61|0x000000008eb00000, 0x000000008ec00000, 0x000000008ec00000|100%| E|CS|TAMS 0x000000008eb00000, 0x000000008eb00000| Complete 
|  62|0x000000008ec00000, 0x000000008ed00000, 0x000000008ed00000|100%| E|CS|TAMS 0x000000008ec00000, 0x000000008ec00000| Complete 
|  63|0x000000008ed00000, 0x000000008ee00000, 0x000000008ee00000|100%| E|CS|TAMS 0x000000008ed00000, 0x000000008ed00000| Complete 
| 111|0x0000000091d00000, 0x0000000091e00000, 0x0000000091e00000|100%| E|CS|TAMS 0x0000000091d00000, 0x0000000091d00000| Complete 
| 112|0x0000000091e00000, 0x0000000091f00000, 0x0000000091f00000|100%| E|CS|TAMS 0x0000000091e00000, 0x0000000091e00000| Complete 
| 113|0x0000000091f00000, 0x0000000092000000, 0x0000000092000000|100%| E|CS|TAMS 0x0000000091f00000, 0x0000000091f00000| Complete 
| 114|0x0000000092000000, 0x0000000092100000, 0x0000000092100000|100%| E|CS|TAMS 0x0000000092000000, 0x0000000092000000| Complete 
| 117|0x0000000092300000, 0x0000000092400000, 0x0000000092400000|100%| E|CS|TAMS 0x0000000092300000, 0x0000000092300000| Complete 

Card table byte_map: [0x00000188a5e00000,0x00000188a61b0000] _byte_map_base: 0x00000188a59a9000

Marking Bits (Prev, Next): (CMBitMap*) 0x000001889ab26210, (CMBitMap*) 0x000001889ab26250
 Prev Bits: [0x00000188a6560000, 0x00000188a82a8000)
 Next Bits: [0x00000188a82b0000, 0x00000188a9ff8000)

Polling page: 0x0000018898a30000

Metaspace:

Usage:
  Non-class:     47.02 MB used.
      Class:      7.46 MB used.
       Both:     54.48 MB used.

Virtual space:
  Non-class space:       64.00 MB reserved,      47.31 MB ( 74%) committed,  1 nodes.
      Class space:        1.00 GB reserved,       7.75 MB ( <1%) committed,  1 nodes.
             Both:        1.06 GB reserved,      55.06 MB (  5%) committed. 

Chunk freelists:
   Non-Class:  496.00 KB
       Class:  272.00 KB
        Both:  768.00 KB

MaxMetaspaceSize: unlimited
CompressedClassSpaceSize: 1.00 GB
Initial GC threshold: 21.00 MB
Current GC threshold: 59.31 MB
CDS: on
MetaspaceReclaimPolicy: balanced
 - commit_granule_bytes: 65536.
 - commit_granule_words: 8192.
 - virtual_space_node_default_size: 8388608.
 - enlarge_chunks_in_place: 1.
 - new_chunks_are_fully_committed: 0.
 - uncommit_free_chunks: 1.
 - use_allocation_guard: 0.


Internal statistics:

num_allocs_failed_limit: 6.
num_arena_births: 860.
num_arena_deaths: 0.
num_vsnodes_births: 2.
num_vsnodes_deaths: 0.
num_space_committed: 881.
num_space_uncommitted: 0.
num_chunks_returned_to_freelist: 6.
num_chunks_taken_from_freelist: 2799.
num_chunk_merges: 6.
num_chunk_splits: 2092.
num_chunks_enlarged: 1668.
num_inconsistent_stats: 0.

CodeCache: size=49152Kb used=10151Kb max_used=10151Kb free=39000Kb
 bounds [0x00000188a23f0000, 0x00000188a2de0000, 0x00000188a53f0000]
 total_blobs=5644 nmethods=5030 adapters=538
 compilation: enabled
              stopped_count=0, restarted_count=0
 full_count=0

Compilation events (20 events):
Event: 13.389 Thread 0x00000188ad03fac0 5021       1       java.util.stream.ReduceOps::makeRef (42 bytes)
Event: 13.390 Thread 0x00000188ad00de10 nmethod 5017 0x00000188a2dd4c10 code [0x00000188a2dd4de0, 0x00000188a2dd51a8]
Event: 13.390 Thread 0x00000188ad00de10 5022       1       java.util.stream.ReduceOps$3::getOpFlags (28 bytes)
Event: 13.390 Thread 0x00000188ad00de10 nmethod 5022 0x00000188a2dd5390 code [0x00000188a2dd5540, 0x00000188a2dd5678]
Event: 13.390 Thread 0x00000188b146cfe0 nmethod 5020 0x00000188a2dd5710 code [0x00000188a2dd5980, 0x00000188a2dd5da8]
Event: 13.390 Thread 0x00000188ad00de10 5023       1       java.util.HashMap$HashMapSpliterator::estimateSize (11 bytes)
Event: 13.390 Thread 0x00000188ad03fac0 nmethod 5021 0x00000188a2dd6090 code [0x00000188a2dd6280, 0x00000188a2dd6718]
Event: 13.390 Thread 0x00000188ad00de10 nmethod 5023 0x00000188a2dd6890 code [0x00000188a2dd6a20, 0x00000188a2dd6b08]
Event: 13.412 Thread 0x00000188ad00de10 5024       1       java.lang.invoke.MemberName::asNormalOriginal (113 bytes)
Event: 13.412 Thread 0x00000188ad00de10 nmethod 5024 0x00000188a2dd6b90 code [0x00000188a2dd6d60, 0x00000188a2dd6ff8]
Event: 13.508 Thread 0x00000188b146cfe0 5025       1       java.util.logging.Logger::log (25 bytes)
Event: 13.509 Thread 0x00000188b146cfe0 nmethod 5025 0x00000188a2dd7790 code [0x00000188a2dd7940, 0x00000188a2dd7b18]
Event: 13.510 Thread 0x00000188ad00de10 5026       1       java.lang.Thread::setContextClassLoader (28 bytes)
Event: 13.510 Thread 0x00000188ad00de10 nmethod 5026 0x00000188a2dd7c90 code [0x00000188a2dd7e20, 0x00000188a2dd7f38]
Event: 13.510 Thread 0x00000188ad00de10 5027       1       java.io.BufferedInputStream::fill (203 bytes)
Event: 13.511 Thread 0x00000188ad00de10 nmethod 5027 0x00000188a2dd7f90 code [0x00000188a2dd81a0, 0x00000188a2dd8828]
Event: 13.571 Thread 0x00000188b146cfe0 5029       1       org.hibernate.internal.util.collections.CaseInsensitiveDictionary::trueKey (8 bytes)
Event: 13.571 Thread 0x00000188ad00de10 5030       1       java.lang.Character::isDigit (5 bytes)
Event: 13.571 Thread 0x00000188ad00de10 nmethod 5030 0x00000188a2dd9090 code [0x00000188a2dd9240, 0x00000188a2dd9338]
Event: 13.571 Thread 0x00000188b146cfe0 nmethod 5029 0x00000188a2dd9410 code [0x00000188a2dd95c0, 0x00000188a2dd9718]

GC Heap History (20 events):
Event: 4.306 GC heap before
{Heap before GC invocations=2 (full 0):
 garbage-first heap   total 120832K, used 57698K [0x000000008ae00000, 0x0000000100000000)
  region size 1024K, 48 young (49152K), 2 survivors (2048K)
 Metaspace       used 20950K, committed 21312K, reserved 1114112K
  class space    used 2786K, committed 2944K, reserved 1048576K
}
Event: 4.317 GC heap after
{Heap after GC invocations=3 (full 0):
 garbage-first heap   total 120832K, used 14978K [0x000000008ae00000, 0x0000000100000000)
  region size 1024K, 6 young (6144K), 6 survivors (6144K)
 Metaspace       used 20950K, committed 21312K, reserved 1114112K
  class space    used 2786K, committed 2944K, reserved 1048576K
}
Event: 4.370 GC heap before
{Heap before GC invocations=3 (full 0):
 garbage-first heap   total 120832K, used 16002K [0x000000008ae00000, 0x0000000100000000)
  region size 1024K, 9 young (9216K), 6 survivors (6144K)
 Metaspace       used 21208K, committed 21504K, reserved 1114112K
  class space    used 2829K, committed 2944K, reserved 1048576K
}
Event: 4.379 GC heap after
{Heap after GC invocations=4 (full 0):
 garbage-first heap   total 120832K, used 15308K [0x000000008ae00000, 0x0000000100000000)
  region size 1024K, 4 young (4096K), 4 survivors (4096K)
 Metaspace       used 21208K, committed 21504K, reserved 1114112K
  class space    used 2829K, committed 2944K, reserved 1048576K
}
Event: 5.671 GC heap before
{Heap before GC invocations=5 (full 0):
 garbage-first heap   total 58368K, used 46028K [0x000000008ae00000, 0x0000000100000000)
  region size 1024K, 34 young (34816K), 4 survivors (4096K)
 Metaspace       used 25013K, committed 25344K, reserved 1114112K
  class space    used 3422K, committed 3584K, reserved 1048576K
}
Event: 5.683 GC heap after
{Heap after GC invocations=6 (full 0):
 garbage-first heap   total 58368K, used 17486K [0x000000008ae00000, 0x0000000100000000)
  region size 1024K, 3 young (3072K), 3 survivors (3072K)
 Metaspace       used 25013K, committed 25344K, reserved 1114112K
  class space    used 3422K, committed 3584K, reserved 1048576K
}
Event: 6.742 GC heap before
{Heap before GC invocations=6 (full 0):
 garbage-first heap   total 58368K, used 40014K [0x000000008ae00000, 0x0000000100000000)
  region size 1024K, 25 young (25600K), 3 survivors (3072K)
 Metaspace       used 28350K, committed 28800K, reserved 1114112K
  class space    used 3968K, committed 4160K, reserved 1048576K
}
Event: 6.757 GC heap after
{Heap after GC invocations=7 (full 0):
 garbage-first heap   total 58368K, used 19785K [0x000000008ae00000, 0x0000000100000000)
  region size 1024K, 3 young (3072K), 3 survivors (3072K)
 Metaspace       used 28350K, committed 28800K, reserved 1114112K
  class space    used 3968K, committed 4160K, reserved 1048576K
}
Event: 7.691 GC heap before
{Heap before GC invocations=7 (full 0):
 garbage-first heap   total 58368K, used 41289K [0x000000008ae00000, 0x0000000100000000)
  region size 1024K, 24 young (24576K), 3 survivors (3072K)
 Metaspace       used 31295K, committed 31872K, reserved 1114112K
  class space    used 4322K, committed 4608K, reserved 1048576K
}
Event: 7.696 GC heap after
{Heap after GC invocations=8 (full 0):
 garbage-first heap   total 58368K, used 21158K [0x000000008ae00000, 0x0000000100000000)
  region size 1024K, 2 young (2048K), 2 survivors (2048K)
 Metaspace       used 31295K, committed 31872K, reserved 1114112K
  class space    used 4322K, committed 4608K, reserved 1048576K
}
Event: 8.840 GC heap before
{Heap before GC invocations=8 (full 0):
 garbage-first heap   total 58368K, used 37542K [0x000000008ae00000, 0x0000000100000000)
  region size 1024K, 19 young (19456K), 2 survivors (2048K)
 Metaspace       used 35674K, committed 36160K, reserved 1114112K
  class space    used 4826K, committed 5056K, reserved 1048576K
}
Event: 8.846 GC heap after
{Heap after GC invocations=9 (full 0):
 garbage-first heap   total 58368K, used 22310K [0x000000008ae00000, 0x0000000100000000)
  region size 1024K, 3 young (3072K), 3 survivors (3072K)
 Metaspace       used 35674K, committed 36160K, reserved 1114112K
  class space    used 4826K, committed 5056K, reserved 1048576K
}
Event: 9.671 GC heap before
{Heap before GC invocations=10 (full 0):
 garbage-first heap   total 58368K, used 43814K [0x000000008ae00000, 0x0000000100000000)
  region size 1024K, 24 young (24576K), 3 survivors (3072K)
 Metaspace       used 38352K, committed 38912K, reserved 1114112K
  class space    used 5162K, committed 5440K, reserved 1048576K
}
Event: 9.680 GC heap after
{Heap after GC invocations=11 (full 0):
 garbage-first heap   total 58368K, used 25138K [0x000000008ae00000, 0x0000000100000000)
  region size 1024K, 3 young (3072K), 3 survivors (3072K)
 Metaspace       used 38352K, committed 38912K, reserved 1114112K
  class space    used 5162K, committed 5440K, reserved 1048576K
}
Event: 10.108 GC heap before
{Heap before GC invocations=11 (full 0):
 garbage-first heap   total 58368K, used 43570K [0x000000008ae00000, 0x0000000100000000)
  region size 1024K, 21 young (21504K), 3 survivors (3072K)
 Metaspace       used 39784K, committed 40384K, reserved 1114112K
  class space    used 5375K, committed 5632K, reserved 1048576K
}
Event: 10.114 GC heap after
{Heap after GC invocations=12 (full 0):
 garbage-first heap   total 70656K, used 26177K [0x000000008ae00000, 0x0000000100000000)
  region size 1024K, 1 young (1024K), 1 survivors (1024K)
 Metaspace       used 39784K, committed 40384K, reserved 1114112K
  class space    used 5375K, committed 5632K, reserved 1048576K
}
Event: 11.495 GC heap before
{Heap before GC invocations=12 (full 0):
 garbage-first heap   total 70656K, used 53825K [0x000000008ae00000, 0x0000000100000000)
  region size 1024K, 28 young (28672K), 1 survivors (1024K)
 Metaspace       used 44823K, committed 45376K, reserved 1114112K
  class space    used 6052K, committed 6272K, reserved 1048576K
}
Event: 11.500 GC heap after
{Heap after GC invocations=13 (full 0):
 garbage-first heap   total 70656K, used 27133K [0x000000008ae00000, 0x0000000100000000)
  region size 1024K, 2 young (2048K), 2 survivors (2048K)
 Metaspace       used 44823K, committed 45376K, reserved 1114112K
  class space    used 6052K, committed 6272K, reserved 1048576K
}
Event: 12.908 GC heap before
{Heap before GC invocations=13 (full 0):
 garbage-first heap   total 70656K, used 54781K [0x000000008ae00000, 0x0000000100000000)
  region size 1024K, 29 young (29696K), 2 survivors (2048K)
 Metaspace       used 51370K, committed 52032K, reserved 1114112K
  class space    used 7103K, committed 7424K, reserved 1048576K
}
Event: 12.913 GC heap after
{Heap after GC invocations=14 (full 0):
 garbage-first heap   total 70656K, used 28378K [0x000000008ae00000, 0x0000000100000000)
  region size 1024K, 4 young (4096K), 4 survivors (4096K)
 Metaspace       used 51370K, committed 52032K, reserved 1114112K
  class space    used 7103K, committed 7424K, reserved 1048576K
}

Deoptimization events (10 events):
Event: 3.411 Thread 0x000001889aacbbf0 DEOPT PACKING pc=0x00000188a2922999 sp=0x0000007bac2fd5d0
Event: 3.411 Thread 0x000001889aacbbf0 DEOPT UNPACKING pc=0x00000188a2442b43 sp=0x0000007bac2fcab0 mode 3
Event: 3.740 Thread 0x000001889aacbbf0 DEOPT PACKING pc=0x00000188a296b355 sp=0x0000007bac2fdbe0
Event: 3.740 Thread 0x000001889aacbbf0 DEOPT UNPACKING pc=0x00000188a2442b43 sp=0x0000007bac2fd088 mode 3
Event: 7.037 Thread 0x000001889aacbbf0 DEOPT PACKING pc=0x00000188a2be691d sp=0x0000007bac2fd530
Event: 7.038 Thread 0x000001889aacbbf0 DEOPT UNPACKING pc=0x00000188a2442b43 sp=0x0000007bac2fca98 mode 3
Event: 9.418 Thread 0x00000188b1bce7b0 DEOPT PACKING pc=0x00000188a27409c4 sp=0x0000007bad8ff180
Event: 9.418 Thread 0x00000188b1bce7b0 DEOPT UNPACKING pc=0x00000188a2442b43 sp=0x0000007bad8fe668 mode 0
Event: 12.916 Thread 0x000001889aacbbf0 DEOPT PACKING pc=0x00000188a2cd159c sp=0x0000007bac2fcc70
Event: 12.916 Thread 0x000001889aacbbf0 DEOPT UNPACKING pc=0x00000188a2442b43 sp=0x0000007bac2fc198 mode 0

Classes loaded (20 events):
Event: 13.006 Loading class java/util/stream/ReduceOps$1
Event: 13.007 Loading class java/util/stream/ReduceOps$1 done
Event: 13.007 Loading class java/util/stream/ReduceOps$1ReducingSink
Event: 13.007 Loading class java/util/stream/ReduceOps$1ReducingSink done
Event: 13.147 Loading class javax/naming/RefAddr
Event: 13.147 Loading class javax/naming/RefAddr done
Event: 13.147 Loading class javax/naming/StringRefAddr
Event: 13.148 Loading class javax/naming/StringRefAddr done
Event: 13.214 Loading class java/util/concurrent/CompletionStage
Event: 13.215 Loading class java/util/concurrent/CompletionStage done
Event: 13.216 Loading class java/util/concurrent/CompletableFuture
Event: 13.218 Loading class java/util/concurrent/CompletableFuture done
Event: 13.219 Loading class java/util/concurrent/CompletableFuture$AltResult
Event: 13.219 Loading class java/util/concurrent/CompletableFuture$AltResult done
Event: 13.219 Loading class java/util/concurrent/CompletableFuture$Completion
Event: 13.220 Loading class java/util/concurrent/CompletableFuture$AsynchronousCompletionTask
Event: 13.220 Loading class java/util/concurrent/CompletableFuture$AsynchronousCompletionTask done
Event: 13.221 Loading class java/util/concurrent/CompletableFuture$Completion done
Event: 13.451 Loading class java/util/concurrent/CancellationException
Event: 13.451 Loading class java/util/concurrent/CancellationException done

Classes unloaded (0 events):
No events

Classes redefined (0 events):
No events

Internal exceptions (20 events):
Event: 9.562 Thread 0x000001889aacbbf0 Exception <a 'java/lang/ClassNotFoundException'{0x000000008d164308}: liquibase/change/custom/CustomChangeWrapperBeanInfo> (0x000000008d164308) 
thrown [s\open\src\hotspot\share\classfile\systemDictionary.cpp, line 255]
Event: 9.563 Thread 0x000001889aacbbf0 Exception <a 'java/lang/ClassNotFoundException'{0x000000008d169630}: liquibase/change/custom/CustomChangeWrapperCustomizer> (0x000000008d169630) 
thrown [s\open\src\hotspot\share\classfile\systemDictionary.cpp, line 255]
Event: 9.722 Thread 0x000001889aacbbf0 Exception <a 'java/lang/NoSuchMethodError'{0x00000000920083b8}: 'java.lang.Object java.lang.invoke.DirectMethodHandle$Holder.newInvokeSpecial(java.lang.Object, java.lang.Object, int)'> (0x00000000920083b8) 
thrown [s\open\src\hotspot\share\interpreter\linkResolver.cpp, line 759]
Event: 9.939 Thread 0x000001889aacbbf0 Exception <a 'java/lang/NoClassDefFoundError'{0x000000008df456f8}: javax/activation/DataHandler> (0x000000008df456f8) 
thrown [s\open\src\hotspot\share\classfile\systemDictionary.cpp, line 244]
Event: 9.940 Thread 0x000001889aacbbf0 Exception <a 'java/lang/NoClassDefFoundError'{0x000000008df456f8}> (0x000000008df456f8) 
thrown [s\open\src\hotspot\share\prims\jni.cpp, line 516]
Event: 9.951 Thread 0x000001889aacbbf0 Exception <a 'java/lang/NoClassDefFoundError'{0x000000008df97bf8}: javax/activation/DataHandler> (0x000000008df97bf8) 
thrown [s\open\src\hotspot\share\oops\constantPool.cpp, line 836]
Event: 9.951 Thread 0x000001889aacbbf0 Exception <a 'java/lang/NoClassDefFoundError'{0x000000008df97bf8}> (0x000000008df97bf8) 
thrown [s\open\src\hotspot\share\prims\jni.cpp, line 516]
Event: 10.203 Thread 0x000001889aacbbf0 Exception <a 'java/lang/NoSuchMethodError'{0x00000000920deee0}: 'int java.lang.invoke.DirectMethodHandle$Holder.invokeStatic(java.lang.Object, int, java.lang.Object)'> (0x00000000920deee0) 
thrown [s\open\src\hotspot\share\interpreter\linkResolver.cpp, line 759]
Event: 10.702 Thread 0x000001889aacbbf0 Exception <a 'java/lang/NoSuchMethodError'{0x000000008e429750}: 'java.lang.Object java.lang.invoke.DirectMethodHandle$Holder.newInvokeSpecial(java.lang.Object, java.lang.Object, java.lang.Object, java.lang.Object, java.lang.Object, java.lang.Object, java.lang.Object, java.lang.Object, java.lang.Object, java.lang.Object, java.lang.Object)'> (0x000000008e429750) 
thrown [s\open\src\hotspot\share\interpreter\linkResolver.cpp, line 759]
Event: 10.702 Thread 0x000001889aacbbf0 Exception <a 'java/lang/NoSuchMethodError'{0x000000008e42e978}: 'java.lang.Object java.lang.invoke.DirectMethodHandle$Holder.invokeSpecial(java.lang.Object, java.lang.Object, java.lang.Object, java.lang.Object, java.lang.Object, java.lang.Object, java.lang.Object, java.lang.Object, java.lang.Object, java.lang.Object, java.lang.Object, java.lang.Object)'> (0x000000008e42e978) 
thrown [s\open\src\hotspot\share\interpreter\linkResolver.cpp, line 759]
Event: 10.819 Thread 0x000001889aacbbf0 Exception <a 'sun/nio/fs/WindowsException'{0x000000008e3d49d8}> (0x000000008e3d49d8) 
thrown [s\open\src\hotspot\share\prims\jni.cpp, line 516]
Event: 10.929 Thread 0x000001889aacbbf0 Exception <a 'java/lang/NoSuchMethodError'{0x000000008e15c678}: 'void java.lang.invoke.DelegatingMethodHandle$Holder.reinvoke_L(java.lang.Object, java.lang.Object, java.lang.Object, java.lang.Object, int, java.lang.Object, java.lang.Object, java.lang.Object)'> (0x000000008e15c678) 
thrown [s\open\src\hotspot\share\interpreter\linkResolver.cpp, line 759]
Event: 12.274 Thread 0x000001889aacbbf0 Exception <a 'java/lang/NoSuchMethodError'{0x000000008e3c62f0}: 'int java.lang.invoke.DirectMethodHandle$Holder.invokeStatic(java.lang.Object)'> (0x000000008e3c62f0) 
thrown [s\open\src\hotspot\share\interpreter\linkResolver.cpp, line 759]
Event: 12.457 Thread 0x000001889aacbbf0 Exception <a 'java/lang/NoSuchMethodError'{0x000000008df6cf90}: 'java.lang.Object java.lang.invoke.DirectMethodHandle$Holder.invokeSpecial(java.lang.Object, java.lang.Object, long, java.lang.Object, java.lang.Object, java.lang.Object, java.lang.Object, java.lang.Object, java.lang.Object, java.lang.Object)'> (0x000000008df6cf90) 
thrown [s\open\src\hotspot\share\interpreter\linkResolver.cpp, line 759]
Event: 12.458 Thread 0x000001889aacbbf0 Exception <a 'java/lang/NoSuchMethodError'{0x000000008df711e8}: 'java.lang.Object java.lang.invoke.DelegatingMethodHandle$Holder.reinvoke_L(java.lang.Object, long, java.lang.Object, java.lang.Object, java.lang.Object, java.lang.Object, java.lang.Object, java.lang.Object, java.lang.Object)'> (0x000000008df711e8) 
thrown [s\open\src\hotspot\share\interpreter\linkResolver.cpp, line 759]
Event: 12.460 Thread 0x000001889aacbbf0 Exception <a 'java/lang/NoSuchMethodError'{0x000000008df89bb8}: 'java.lang.Object java.lang.invoke.Invokers$Holder.linkToTargetMethod(java.lang.Object, java.lang.Object, java.lang.Object, java.lang.Object, java.lang.Object, java.lang.Object, java.lang.Object, java.lang.Object)'> (0x000000008df89bb8) 
thrown [s\open\src\hotspot\share\interpreter\linkResolver.cpp, line 759]
Event: 12.474 Thread 0x000001889aacbbf0 Exception <a 'java/lang/NoSuchMethodError'{0x000000008dfb7850}: 'int java.lang.invoke.Invokers$Holder.invokeExact_MT(java.lang.Object, java.lang.Object)'> (0x000000008dfb7850) 
thrown [s\open\src\hotspot\share\interpreter\linkResolver.cpp, line 759]
Event: 13.470 Thread 0x000001889aacbbf0 Exception <a 'java/lang/IncompatibleClassChangeError'{0x000000008e7e36a0}: Found class java.lang.Object, but interface was expected> (0x000000008e7e36a0) 
thrown [s\open\src\hotspot\share\interpreter\linkResolver.cpp, line 826]
Event: 13.516 Thread 0x000001889aacbbf0 Exception <a 'java/lang/NoSuchMethodError'{0x000000008e6bfe08}: 'java.lang.Object java.lang.invoke.DirectMethodHandle$Holder.invokeStatic(java.lang.Object, java.lang.Object, int, java.lang.Object)'> (0x000000008e6bfe08) 
thrown [s\open\src\hotspot\share\interpreter\linkResolver.cpp, line 759]
Event: 13.516 Thread 0x000001889aacbbf0 Exception <a 'java/lang/NoSuchMethodError'{0x000000008e6c3898}: 'java.lang.Object java.lang.invoke.DirectMethodHandle$Holder.invokeStaticInit(java.lang.Object, java.lang.Object, int, java.lang.Object)'> (0x000000008e6c3898) 
thrown [s\open\src\hotspot\share\interpreter\linkResolver.cpp, line 759]

VM Operations (20 events):
Event: 9.962 Executing VM operation: HandshakeAllThreads
Event: 9.962 Executing VM operation: HandshakeAllThreads done
Event: 10.093 Executing VM operation: HandshakeAllThreads
Event: 10.093 Executing VM operation: HandshakeAllThreads done
Event: 10.108 Executing VM operation: G1CollectForAllocation
Event: 10.114 Executing VM operation: G1CollectForAllocation done
Event: 10.172 Executing VM operation: HandshakeAllThreads
Event: 10.172 Executing VM operation: HandshakeAllThreads done
Event: 10.608 Executing VM operation: HandshakeAllThreads
Event: 10.608 Executing VM operation: HandshakeAllThreads done
Event: 11.087 Executing VM operation: HandshakeAllThreads
Event: 11.087 Executing VM operation: HandshakeAllThreads done
Event: 11.495 Executing VM operation: G1CollectForAllocation
Event: 11.500 Executing VM operation: G1CollectForAllocation done
Event: 12.506 Executing VM operation: Cleanup
Event: 12.507 Executing VM operation: Cleanup done
Event: 12.908 Executing VM operation: G1CollectForAllocation
Event: 12.913 Executing VM operation: G1CollectForAllocation done
Event: 12.916 Executing VM operation: HandshakeAllThreads
Event: 12.916 Executing VM operation: HandshakeAllThreads done

Events (20 events):
Event: 8.914 Thread 0x00000188b1c3a080 Thread exited: 0x00000188b1c3a080
Event: 9.419 Thread 0x00000188b1c3fbf0 Thread added: 0x00000188b1c3fbf0
Event: 9.429 Thread 0x00000188b1c3fbf0 Thread exited: 0x00000188b1c3fbf0
Event: 9.931 Thread 0x00000188b1c3c700 Thread added: 0x00000188b1c3c700
Event: 9.940 Thread 0x00000188b1c3c700 Thread exited: 0x00000188b1c3c700
Event: 10.444 Thread 0x00000188b1c3fbf0 Thread added: 0x00000188b1c3fbf0
Event: 10.451 Thread 0x00000188b1c3fbf0 Thread exited: 0x00000188b1c3fbf0
Event: 10.953 Thread 0x00000188b1c3c230 Thread added: 0x00000188b1c3c230
Event: 10.959 Thread 0x00000188b1c3c230 Thread exited: 0x00000188b1c3c230
Event: 11.462 Thread 0x00000188b1c3aa20 Thread added: 0x00000188b1c3aa20
Event: 11.469 Thread 0x00000188b1c3aa20 Thread exited: 0x00000188b1c3aa20
Event: 11.761 Loaded shared library C:\Program Files\Java\jdk-18.0.2.1\bin\verify.dll
Event: 11.973 Thread 0x00000188b1c3a550 Thread added: 0x00000188b1c3a550
Event: 11.980 Thread 0x00000188b1c3a550 Thread exited: 0x00000188b1c3a550
Event: 12.483 Thread 0x00000188b1c3f720 Thread added: 0x00000188b1c3f720
Event: 12.490 Thread 0x00000188b1c3f720 Thread exited: 0x00000188b1c3f720
Event: 12.993 Thread 0x00000188b1c418d0 Thread added: 0x00000188b1c418d0
Event: 13.000 Thread 0x00000188b1c418d0 Thread exited: 0x00000188b1c418d0
Event: 13.503 Thread 0x00000188b1c3e8b0 Thread added: 0x00000188b1c3e8b0
Event: 13.510 Thread 0x00000188b1c3e8b0 Thread exited: 0x00000188b1c3e8b0


Dynamic libraries:
0x00007ff6d0df0000 - 0x00007ff6d0e00000 	C:\Program Files\Java\jdk-18.0.2.1\bin\java.exe
0x00007ffda1120000 - 0x00007ffda1329000 	C:\Windows\SYSTEM32\ntdll.dll
0x00007ffda04a0000 - 0x00007ffda055e000 	C:\Windows\System32\KERNEL32.DLL
0x00007ffd9e6e0000 - 0x00007ffd9ea5c000 	C:\Windows\System32\KERNELBASE.dll
0x00007ffd9ed10000 - 0x00007ffd9ee21000 	C:\Windows\System32\ucrtbase.dll
0x00007ffd87320000 - 0x00007ffd87338000 	C:\Program Files\Java\jdk-18.0.2.1\bin\jli.dll
0x00007ffd82980000 - 0x00007ffd8299a000 	C:\Program Files\Java\jdk-18.0.2.1\bin\VCRUNTIME140.dll
0x00007ffda1030000 - 0x00007ffda10de000 	C:\Windows\System32\ADVAPI32.dll
0x00007ffda09c0000 - 0x00007ffda0a63000 	C:\Windows\System32\msvcrt.dll
0x00007ffd9ff40000 - 0x00007ffd9ffde000 	C:\Windows\System32\sechost.dll
0x00007ffda07c0000 - 0x00007ffda08e0000 	C:\Windows\System32\RPCRT4.dll
0x00007ffd9fd80000 - 0x00007ffd9ff2d000 	C:\Windows\System32\USER32.dll
0x00007ffd9ebc0000 - 0x00007ffd9ebe6000 	C:\Windows\System32\win32u.dll
0x00007ffd7a0d0000 - 0x00007ffd7a375000 	C:\Windows\WinSxS\amd64_microsoft.windows.common-controls_6595b64144ccf1df_6.0.22000.120_none_9d947278b86cc467\COMCTL32.dll
0x00007ffda0ee0000 - 0x00007ffda0f09000 	C:\Windows\System32\GDI32.dll
0x00007ffd9ebf0000 - 0x00007ffd9ed08000 	C:\Windows\System32\gdi32full.dll
0x00007ffd9ea60000 - 0x00007ffd9eafd000 	C:\Windows\System32\msvcp_win.dll
0x00007ffd963b0000 - 0x00007ffd963ba000 	C:\Windows\SYSTEM32\VERSION.dll
0x00007ffd9fc40000 - 0x00007ffd9fc72000 	C:\Windows\System32\IMM32.DLL
0x00007ffd8b7d0000 - 0x00007ffd8b7dc000 	C:\Program Files\Java\jdk-18.0.2.1\bin\vcruntime140_1.dll
0x00007ffd5ee90000 - 0x00007ffd5ef1d000 	C:\Program Files\Java\jdk-18.0.2.1\bin\msvcp140.dll
0x00007ffcf8000000 - 0x00007ffcf8c11000 	C:\Program Files\Java\jdk-18.0.2.1\bin\server\jvm.dll
0x00007ffd9ff30000 - 0x00007ffd9ff38000 	C:\Windows\System32\PSAPI.DLL
0x00007ffd991d0000 - 0x00007ffd99203000 	C:\Windows\SYSTEM32\WINMM.dll
0x00007ffd7c2c0000 - 0x00007ffd7c2c9000 	C:\Windows\SYSTEM32\WSOCK32.dll
0x00007ffda0290000 - 0x00007ffda02ff000 	C:\Windows\System32\WS2_32.dll
0x00007ffd9d630000 - 0x00007ffd9d648000 	C:\Windows\SYSTEM32\kernel.appcore.dll
0x00007ffd8b7b0000 - 0x00007ffd8b7ba000 	C:\Program Files\Java\jdk-18.0.2.1\bin\jimage.dll
0x00007ffd94810000 - 0x00007ffd94a31000 	C:\Windows\SYSTEM32\DBGHELP.DLL
0x00007ffd86620000 - 0x00007ffd86651000 	C:\Windows\SYSTEM32\dbgcore.DLL
0x00007ffd9e660000 - 0x00007ffd9e6df000 	C:\Windows\System32\bcryptPrimitives.dll
0x00007ffd9ba10000 - 0x00007ffd9ba1e000 	C:\Program Files\Java\jdk-18.0.2.1\bin\instrument.dll
0x00007ffd7ad70000 - 0x00007ffd7ad95000 	C:\Program Files\Java\jdk-18.0.2.1\bin\java.dll
0x00007ffd5d8e0000 - 0x00007ffd5d9b6000 	C:\Program Files\Java\jdk-18.0.2.1\bin\jsvml.dll
0x00007ffd9f470000 - 0x00007ffd9fc35000 	C:\Windows\System32\SHELL32.dll
0x00007ffd9c6a0000 - 0x00007ffd9cf05000 	C:\Windows\SYSTEM32\windows.storage.dll
0x00007ffd9efa0000 - 0x00007ffd9f318000 	C:\Windows\System32\combase.dll
0x00007ffd9c530000 - 0x00007ffd9c696000 	C:\Windows\SYSTEM32\wintypes.dll
0x00007ffd9f380000 - 0x00007ffd9f46a000 	C:\Windows\System32\SHCORE.dll
0x00007ffd9f320000 - 0x00007ffd9f37d000 	C:\Windows\System32\shlwapi.dll
0x00007ffd9e520000 - 0x00007ffd9e541000 	C:\Windows\SYSTEM32\profapi.dll
0x00007ffd73500000 - 0x00007ffd73518000 	C:\Program Files\Java\jdk-18.0.2.1\bin\zip.dll
0x00007ffd7ad50000 - 0x00007ffd7ad63000 	C:\Program Files\Java\jdk-18.0.2.1\bin\net.dll
0x00007ffd99300000 - 0x00007ffd99414000 	C:\Windows\SYSTEM32\WINHTTP.dll
0x00007ffd9dac0000 - 0x00007ffd9db27000 	C:\Windows\system32\mswsock.dll
0x00007ffd7ad30000 - 0x00007ffd7ad46000 	C:\Program Files\Java\jdk-18.0.2.1\bin\nio.dll
0x00007ffd8ba50000 - 0x00007ffd8ba6a000 	C:\Program Files\JetBrains\IntelliJ IDEA 2022.3\bin\breakgen64.dll
0x00007ffd9d190000 - 0x00007ffd9d278000 	C:\Windows\SYSTEM32\DNSAPI.dll
0x00007ffd9d160000 - 0x00007ffd9d18d000 	C:\Windows\SYSTEM32\IPHLPAPI.DLL
0x00007ffd9fd70000 - 0x00007ffd9fd79000 	C:\Windows\System32\NSI.dll
0x00007ffd87560000 - 0x00007ffd8756a000 	C:\Windows\System32\rasadhlp.dll
0x00007ffd977a0000 - 0x00007ffd97821000 	C:\Windows\System32\fwpuclnt.dll
0x00007ffd9ab20000 - 0x00007ffd9ab29000 	C:\Program Files\Java\jdk-18.0.2.1\bin\management.dll
0x00007ffd98070000 - 0x00007ffd9807b000 	C:\Program Files\Java\jdk-18.0.2.1\bin\management_ext.dll
0x00007ffd9dda0000 - 0x00007ffd9ddb8000 	C:\Windows\SYSTEM32\CRYPTSP.dll
0x00007ffd9d590000 - 0x00007ffd9d5c5000 	C:\Windows\system32\rsaenh.dll
0x00007ffd9db60000 - 0x00007ffd9db89000 	C:\Windows\SYSTEM32\USERENV.dll
0x00007ffd9df40000 - 0x00007ffd9df67000 	C:\Windows\SYSTEM32\bcrypt.dll
0x00007ffd9dcb0000 - 0x00007ffd9dcbc000 	C:\Windows\SYSTEM32\CRYPTBASE.dll
0x00007ffd99190000 - 0x00007ffd991a9000 	C:\Windows\SYSTEM32\dhcpcsvc6.DLL
0x00007ffd99a10000 - 0x00007ffd99a2e000 	C:\Windows\SYSTEM32\dhcpcsvc.DLL
0x00007ffd789e0000 - 0x00007ffd789f7000 	C:\Windows\system32\napinsp.dll
0x00007ffd786a0000 - 0x00007ffd786bb000 	C:\Windows\system32\pnrpnsp.dll
0x00007ffd78680000 - 0x00007ffd78692000 	C:\Windows\System32\winrnr.dll
0x00007ffd781e0000 - 0x00007ffd781f5000 	C:\Windows\system32\wshbth.dll
0x00007ffd78270000 - 0x00007ffd7828f000 	C:\Windows\system32\nlansp_c.dll
0x00007ffd98060000 - 0x00007ffd9806e000 	C:\Program Files\Java\jdk-18.0.2.1\bin\sunmscapi.dll
0x00007ffd9ee30000 - 0x00007ffd9ef92000 	C:\Windows\System32\CRYPT32.dll
0x00007ffd9df10000 - 0x00007ffd9df38000 	C:\Windows\SYSTEM32\ncrypt.dll
0x00007ffd9ded0000 - 0x00007ffd9df07000 	C:\Windows\SYSTEM32\NTASN1.dll
0x00007ffd878e0000 - 0x00007ffd878f0000 	C:\Program Files\Java\jdk-18.0.2.1\bin\verify.dll

dbghelp: loaded successfully - version: 4.0.5 - missing functions: none
symbol engine: initialized successfully - sym options: 0x614 - pdb path: .;C:\Program Files\Java\jdk-18.0.2.1\bin;C:\Windows\SYSTEM32;C:\Windows\WinSxS\amd64_microsoft.windows.common-controls_6595b64144ccf1df_6.0.22000.120_none_9d947278b86cc467;C:\Program Files\Java\jdk-18.0.2.1\bin\server;C:\Program Files\JetBrains\IntelliJ IDEA 2022.3\bin

VM Arguments:
jvm_args: -XX:TieredStopAtLevel=1 -Dspring.output.ansi.enabled=always -Dcom.sun.management.jmxremote -Dspring.jmx.enabled=true -Dspring.liveBeansView.mbeanDomain -Dspring.application.admin.enabled=true -Dmanagement.endpoints.jmx.exposure.include=* -javaagent:C:\Program Files\JetBrains\IntelliJ IDEA 2022.3\lib\idea_rt.jar=58082:C:\Program Files\JetBrains\IntelliJ IDEA 2022.3\bin -Dfile.encoding=UTF-8 -Dsun.stdout.encoding=UTF-8 -Dsun.stderr.encoding=UTF-8 
java_command: com.test_task.table.TableApplication
java_class_path (initial): C:\Program Files\Java\jdk-18.0.2.1;C:\Users\Admin\Desktop\dotcome test_task\implementation\table_implementation\table\target\classes;C:\Users\Admin\.m2\repository\org\springframework\boot\spring-boot-starter-data-jpa\3.4.0\spring-boot-starter-data-jpa-3.4.0.jar;C:\Users\Admin\.m2\repository\org\springframework\boot\spring-boot-starter\3.4.0\spring-boot-starter-3.4.0.jar;C:\Users\Admin\.m2\repository\org\springframework\boot\spring-boot\3.4.0\spring-boot-3.4.0.jar;C:\Users\Admin\.m2\repository\org\springframework\boot\spring-boot-autoconfigure\3.4.0\spring-boot-autoconfigure-3.4.0.jar;C:\Users\Admin\.m2\repository\org\springframework\boot\spring-boot-starter-logging\3.4.0\spring-boot-starter-logging-3.4.0.jar;C:\Users\Admin\.m2\repository\ch\qos\logback\logback-classic\1.5.12\logback-classic-1.5.12.jar;C:\Users\Admin\.m2\repository\ch\qos\logback\logback-core\1.5.12\logback-core-1.5.12.jar;C:\Users\Admin\.m2\repository\org\apache\logging\log4j\log4j-to-slf4j\2.24.1\log4j-to-slf4j-2.24.1.jar;C:\Users\Admin\.m2\repository\org\apache\logging\log4j\log4j-api\2.24.1\log4j-api-2.24.1.jar;C:\Users\Admin\.m2\repository\org\slf4j\jul-to-slf4j\2.0.16\jul-to-slf4j-2.0.16.jar;C:\Users\Admin\.m2\repository\jakarta\annotation\jakarta.annotation-api\2.1.1\jakarta.annotation-api-2.1.1.jar;C:\Users\Admin\.m2\repository\org\springframework\boot\spring-boot-starter-jdbc\3.4.0\spring-boot-starter-jdbc-3.4.0.jar;C:\Users\Admin\.m2\repository\com\zaxxer\HikariCP\5.1.0\HikariCP-5.1.0.jar;C:\Users\Admin\.m2\repository\org\springframework\spring-jdbc\6.2.0\spring-jdbc-6.2.0.jar;C:\Users\Admin\.m2\repository\org\hibernate\orm\hibernate-core\6.6.2.Final\hibernate-core-6.6.2.Final.jar;C:\Users\Admin\.m2\repository\jakarta\persistence\jakarta.persistence-api\3.1.0\jakarta.persistence-api-3.1.0.jar;C:\Users\Admin\.m2\repository\jakarta\transaction\jakarta.transaction-api\2.0.1\jakarta.transaction-api-2.0.1.jar;C:\Users\Admin\.m2\repository\org\jboss\logging\jboss-logging\3.6.1.Final\jboss-logging-3.6.1.Final.jar;C:\Users\Admin\.m2\repository\org\hibernate\common\hibernate-commons-annotations\7.0.3.Final\hibernate-commons-annotations-7.0.3.Final.jar;C:\Users\Admin\.m2\repository\io\smallrye\jandex\3.2.0\jandex-3.2.0.jar;C:\Users\Admin\.m2\repository\com\fasterxml\classmate\1.7.0\classmate-1.7.0.jar;C:\Users\Admin\.m2\repository\net\bytebuddy\byte-buddy\1.15.10\byte-buddy-1.15.10.jar;C:\Users\Admin\.m2\repository\org\glassfish\jaxb\jaxb-runtime\4.0.5\jaxb-runtime-4.0.5.jar;C:\Users\Admin\.m2\repository\org\glassfish\jaxb\jaxb-core\4.0.5\jaxb-core-4.0.5.jar;C:\Users\Admin\.m2\repository\org\eclipse\angus\angus-activation\2.0.2\angus-activation-2.0.2.jar;C:\Users\Admin\.m2\repository\org\glassfish\jaxb\txw2\4.0.5\txw2-4.0.5.jar;C:\Users\Admin\.m2\repository\com\sun\istack\istack-commons-runtime\4.1.2\istack-commons-runtime-4.1.2.jar;C:\Users\Admin\.m2\repository\jakarta\inject\jakarta.inject-api\2.0.1\jakarta.inject-api-2.0.1.jar;C:\Users\Admin\.m2\repository\org\antlr\antlr4-runtime\4.13.0\antlr4-runtime-4.13.0.jar;C:\Users\Admin\.m2\repository\org\springframework\data\spring-data-jpa\3.4.0\spring-data-jpa-3.4.0.jar;C:\Users\Admin\.m2\repository\org\springframework\data\spring-data-commons\3.4.0\spring-data-commons-3.4.0.jar;C:\Users\Admin\.m2\repository\org\springframework\spring-orm\6.2.0\spring-orm-6.2.0.jar;C:\Users\Admin\.m2\repository\org\springframework\spring-context\6.2.0\spring-context-6.2.0.jar;C:\Users\Admin\.m2\repository\org\springframework\spring-aop\6.2.0\spring-aop-6.2.0.jar;C:\Users\Admin\.m2\repository\org\springframework\spring-tx\6.2.0\spring-tx-6.2.0.jar;C:\Users\Admin\.m2\repository\org\springframework\spring-beans\6.2.0\spring-beans-6.2.0.jar;C:\Users\Admin\.m2\repository\org\slf4j\slf4j-api\2.0.16\slf4j-api-2.0.16.jar;C:\Users\Admin\.m2\repository\org\springframework\spring-aspects\6.2.0\spring-aspects-6.2.0.jar;C:\Users\Admin\.m2\repository\org\aspectj\aspectjweaver\1.9.22.1\aspectjweaver-1.9.22.1.jar;C:\Users\Admin\.m2\repository\org\springframework\boot\spring-boot-starter-web\3.4.0\spring-boot-starter-web-3.4.0.jar;C:\Users\Admin\.m2\repository\org\springframework\boot\spring-boot-starter-json\3.4.0\spring-boot-starter-json-3.4.0.jar;C:\Users\Admin\.m2\repository\com\fasterxml\jackson\core\jackson-databind\2.18.1\jackson-databind-2.18.1.jar;C:\Users\Admin\.m2\repository\com\fasterxml\jackson\core\jackson-annotations\2.18.1\jackson-annotations-2.18.1.jar;C:\Users\Admin\.m2\repository\com\fasterxml\jackson\core\jackson-core\2.18.1\jackson-core-2.18.1.jar;C:\Users\Admin\.m2\repository\com\fasterxml\jackson\datatype\jackson-datatype-jdk8\2.18.1\jackson-datatype-jdk8-2.18.1.jar;C:\Users\Admin\.m2\repository\com\fasterxml\jackson\datatype\jackson-datatype-jsr310\2.18.1\jackson-datatype-jsr310-2.18.1.jar;C:\Users\Admin\.m2\repository\com\fasterxml\jackson\module\jackson-module-parameter-names\2.18.1\jackson-module-parameter-names-2.18.1.jar;C:\Users\Admin\.m2\repository\org\springframework\boot\spring-boot-starter-tomcat\3.4.0\spring-boot-starter-tomcat-3.4.0.jar;C:\Users\Admin\.m2\repository\org\apache\tomcat\embed\tomcat-embed-core\10.1.33\tomcat-embed-core-10.1.33.jar;C:\Users\Admin\.m2\repository\org\apache\tomcat\embed\tomcat-embed-websocket\10.1.33\tomcat-embed-websocket-10.1.33.jar;C:\Users\Admin\.m2\repository\org\springframework\spring-web\6.2.0\spring-web-6.2.0.jar;C:\Users\Admin\.m2\repository\io\micrometer\micrometer-observation\1.14.1\micrometer-observation-1.14.1.jar;C:\Users\Admin\.m2\repository\io\micrometer\micrometer-commons\1.14.1\micrometer-commons-1.14.1.jar;C:\Users\Admin\.m2\repository\org\springframework\spring-webmvc\6.2.0\spring-webmvc-6.2.0.jar;C:\Users\Admin\.m2\repository\org\springframework\spring-expression\6.2.0\spring-expression-6.2.0.jar;C:\Users\Admin\.m2\repository\org\liquibase\liquibase-maven-plugin\4.29.2\liquibase-maven-plugin-4.29.2.jar;C:\Users\Admin\.m2\repository\org\liquibase\liquibase-commercial\4.29.2\liquibase-commercial-4.29.2.jar;C:\Users\Admin\.m2\repository\org\liquibase\liquibase-core\4.29.2\liquibase-core-4.29.2.jar;C:\Users\Admin\.m2\repository\com\opencsv\opencsv\5.9\opencsv-5.9.jar;C:\Users\Admin\.m2\repository\org\yaml\snakeyaml\2.3\snakeyaml-2.3.jar;C:\Users\Admin\.m2\repository\javax\xml\bind\jaxb-api\2.3.1\jaxb-api-2.3.1.jar;C:\Users\Admin\.m2\repository\commons-io\commons-io\2.16.1\commons-io-2.16.1.jar;C:\Users\Admin\.m2\repository\org\apache\commons\commons-collections4\4.4\commons-collections4-4.4.jar;C:\Users\Admin\.m2\repository\org\apache\commons\commons-text\1.12.0\commons-text-1.12.0.jar;C:\Users\Admin\.m2\repository\org\apache\commons\commons-lang3\3.17.0\commons-lang3-3.17.0.jar;C:\Users\Admin\.m2\repository\org\springframework\boot\spring-boot-starter-validation\3.4.0\spring-boot-starter-validation-3.4.0.jar;C:\Users\Admin\.m2\repository\org\apache\tomcat\embed\tomcat-embed-el\10.1.33\tomcat-embed-el-10.1.33.jar;C:\Users\Admin\.m2\repository\org\hibernate\validator\hibernate-validator\8.0.1.Final\hibernate-validator-8.0.1.Final.jar;C:\Users\Admin\.m2\repository\jakarta\validation\jakarta.validation-api\3.0.2\jakarta.validation-api-3.0.2.jar;C:\Users\Admin\.m2\repository\org\postgresql\postgresql\42.7.3\postgresql-42.7.3.jar;C:\Users\Admin\.m2\repository\org\checkerframework\checker-qual\3.42.0\checker-qual-3.42.0.jar;C:\Users\Admin\.m2\repository\org\projectlombok\lombok\1.18.30\lombok-1.18.30.jar;C:\Users\Admin\.m2\repository\jakarta\xml\bind\jakarta.xml.bind-api\4.0.2\jakarta.xml.bind-api-4.0.2.jar;C:\Users\Admin\.m2\repository\jakarta\activation\jakarta.activation-api\2.1.3\jakarta.activation-api-2.1.3.jar;C:\Users\Admin\.m2\repository\org\springframework\spring-core\6.2.0\spring-core-6.2.0.jar;C:\Users\Admin\.m2\repository\org\springframework\spring-jcl\6.2.0\spring-jcl-6.2.0.jar;C:\Users\Admin\.m2\repository\org\mapstruct\mapstruct\1.5.5.Final\mapstruct-1.5.5.Final.jar
Launcher Type: SUN_STANDARD

[Global flags]
     intx CICompilerCount                          = 12                                        {product} {ergonomic}
     uint ConcGCThreads                            = 3                                         {product} {ergonomic}
     uint G1ConcRefinementThreads                  = 13                                        {product} {ergonomic}
   size_t G1HeapRegionSize                         = 1048576                                   {product} {ergonomic}
    uintx GCDrainStackTargetSize                   = 64                                        {product} {ergonomic}
   size_t InitialHeapSize                          = 123731968                                 {product} {ergonomic}
     bool ManagementServer                         = true                                      {product} {command line}
   size_t MarkStackSize                            = 4194304                                   {product} {ergonomic}
   size_t MaxHeapSize                              = 1965031424                                {product} {ergonomic}
   size_t MaxNewSize                               = 1178599424                                {product} {ergonomic}
   size_t MinHeapDeltaBytes                        = 1048576                                   {product} {ergonomic}
   size_t MinHeapSize                              = 8388608                                   {product} {ergonomic}
    uintx NonProfiledCodeHeapSize                  = 0                                      {pd product} {ergonomic}
     bool ProfileInterpreter                       = false                                  {pd product} {command line}
    uintx ProfiledCodeHeapSize                     = 0                                      {pd product} {ergonomic}
   size_t SoftMaxHeapSize                          = 1965031424                             {manageable} {ergonomic}
     intx TieredStopAtLevel                        = 1                                         {product} {command line}
     bool UseCompressedClassPointers               = true                           {product lp64_product} {ergonomic}
     bool UseCompressedOops                        = true                           {product lp64_product} {ergonomic}
     bool UseG1GC                                  = true                                      {product} {ergonomic}
     bool UseLargePagesIndividualAllocation        = false                                  {pd product} {ergonomic}

Logging:
Log output configuration:
 #0: stdout all=warning uptime,level,tags foldmultilines=false
 #1: stderr all=off uptime,level,tags foldmultilines=false

Environment Variables:
JAVA_HOME=C:\Program Files\Java\jdk-18.0.2.1
PATH=C:\Program Files\Common Files\Oracle\Java\javapath;C:\Windows\system32;C:\Windows;C:\Windows\System32\Wbem;C:\Windows\System32\WindowsPowerShell\v1.0\;C:\Windows\System32\OpenSSH\;C:\Program Files\Java\jdk-18.0.2.1\bin;C:\Program Files\Microsoft SQL Server\Client SDK\ODBC\170\Tools\Binn\;C:\Program Files (x86)\Microsoft SQL Server\150\Tools\Binn\;C:\Program Files\Microsoft SQL Server\150\Tools\Binn\;C:\Program Files\Microsoft SQL Server\150\DTS\Binn\;C:\php;C:\Program Files\Git\cmd;;C:\Program Files\Docker\Docker\resources\bin;C:\Program Files\Amazon\AWSCLIV2\;C:\ProgramData\chocolatey\bin;C:\Program Files (x86)\Windows Kits\10\Windows Performance Toolkit\;C:\Program Files\nodejs\;C:\Users\Admin\AppData\Local\Programs\Python\Python312\Scripts\;C:\Users\Admin\AppData\Local\Programs\Python\Python312\;C:\Program Files\MySQL\MySQL Shell 8.0\bin\;C:\Users\Admin\AppData\Local\Programs\Python\Python311\Scripts\;C:\Users\Admin\AppData\Local\Programs\Python\Python311\;C:\Program Files\Common Files\Oracle\Java\javapath;C:\Windows\system32;C:\Windows;C:\Windows\System32\Wbem;C:\Windows\System32\WindowsPowerShell\v1.0\;C:\Windows\System32\OpenSSH\;C:\Program Files\Java\jdk-18.0.2.1\bin;C:\Program Files\Microsoft SQL Server\Client SDK\ODBC\170\Tools\Binn\;C:\Program Files (x86)\Microsoft SQL Server\150\Tools\Binn\;C:\Program Files\Microsoft SQL Server\150\Tools\Binn\;C:\Program Files\Microsoft SQL Server\150\DTS\Binn\;C:\Program Files (x86)\Microsoft SQL Server\150\DTS\Binn\;C:\Program Files\Git\cmd;C:\Users\Admin\Desktop\Scripts\;C:\Users\Admin\Desktop\;C:\Users\Admin\AppData\Local\Microsoft\WindowsApps;C:\Program Files\Azure Data Studio\bin;C:\Program Files\JetBrains\IntelliJ IDEA 2022.3\bin;C:\Users\Admin\AppData\Local\Programs\Python\Python311\Scripts;C:\php;C:\Program Files\apache-maven-3.9.3\bin;D:\Microsoft V;C:\Program Files\JetBrains\WebStorm 2024.3.1\bin;;C:\Users\Admin\AppData\Roaming\npm
USERNAME=Admin
OS=Windows_NT
PROCESSOR_IDENTIFIER=AMD64 Family 23 Model 104 Stepping 1, AuthenticAMD



---------------  S Y S T E M  ---------------

OS:
 Windows 11 , 64 bit Build 22000 (10.0.22000.1516)
OS uptime: 0 days 12:51 hours
Hyper-V role detected

CPU: total 16 (initial active 16) (16 cores per cpu, 2 threads per core) family 23 model 104 stepping 1 microcode 0x0, cx8, cmov, fxsr, ht, mmx, 3dnowpref, sse, sse2, sse3, ssse3, sse4a, sse4.1, sse4.2, popcnt, lzcnt, tsc, tscinvbit, avx, avx2, aes, clmul, bmi1, bmi2, adx, sha, fma, vzeroupper, clflush, clflushopt, hv

Memory: 4k page, system-wide physical 7488M (290M free)
TotalPageFile size 20295M (AvailPageFile size 2M)
current process WorkingSet (physical memory assigned to process): 196M, peak: 196M
current process commit charge ("private bytes"): 248M, peak: 248M

vm_info: Java HotSpot(TM) 64-Bit Server VM (18.0.2.1+1-1) for windows-amd64 JRE (18.0.2.1+1-1), built on Aug 16 2022 01:46:33 by "mach5one" with MS VC++ 16.8 / 16.9 (VS2019)

END.
